#
# There is insufficient memory for the Java Runtime Environment to continue.
# Native memory allocation (mmap) failed to map 46137344 bytes. Error detail: G1 virtual space
# Possible reasons:
#   The system is out of physical RAM or swap space
#   This process is running with CompressedOops enabled, and the Java Heap may be blocking the growth of the native heap
# Possible solutions:
#   Reduce memory load on the system
#   Increase physical memory or swap space
#   Check if swap backing store is full
#   Decrease Java heap size (-Xmx/-Xms)
#   Decrease number of Java threads
#   Decrease Java thread stack sizes (-Xss)
#   Set larger code cache with -XX:ReservedCodeCacheSize=
#   JVM is running with Unscaled Compressed Oops mode in which the Java heap is
#     placed in the first 4GB address space. The Java Heap base address is the
#     maximum limit for the native heap growth. Please use -XX:HeapBaseMinAddress
#     to set the Java Heap base and to place the Java Heap above 4GB virtual address.
# This output file may be truncated or incomplete.
#
#  Out of Memory Error (os_windows.cpp:3825), pid=23760, tid=2476
#
# JRE version: OpenJDK Runtime Environment (17.0.11) (build 17.0.11+0--11852314)
# Java VM: OpenJDK 64-Bit Server VM (17.0.11+0--11852314, mixed mode, tiered, compressed oops, compressed class ptrs, g1 gc, windows-amd64)
# No core dump will be written. Minidumps are not enabled by default on client versions of Windows
#

---------------  S U M M A R Y ------------

Command Line: org.jetbrains.kotlin.cli.jvm.K2JVMCompiler @D:\ugm naila\SEMESTER 3\Mobile\Tugas_Notification\app\build\20241213_10720180513138206509.compiler.options

Host: Intel(R) Core(TM) i3-1005G1 CPU @ 1.20GHz, 4 cores, 7G,  Windows 11 , 64 bit Build 22621 (10.0.22621.4391)
Time: Fri Dec 13 09:21:06 2024 SE Asia Standard Time elapsed time: 4.294975 seconds (0d 0h 0m 4s)

---------------  T H R E A D  ---------------

Current thread (0x000002997a6f6d10):  VMThread "VM Thread" [stack: 0x000000c34de00000,0x000000c34df00000] [id=2476]

Stack: [0x000000c34de00000,0x000000c34df00000]
Native frames: (J=compiled Java code, j=interpreted, Vv=VM code, C=native code)
V  [jvm.dll+0x687bb9]
V  [jvm.dll+0x84142a]
V  [jvm.dll+0x8430ae]
V  [jvm.dll+0x843713]
V  [jvm.dll+0x24a35f]
V  [jvm.dll+0x684989]
V  [jvm.dll+0x67923a]
V  [jvm.dll+0x30af0b]
V  [jvm.dll+0x3123b6]
V  [jvm.dll+0x361dfe]
V  [jvm.dll+0x36202f]
V  [jvm.dll+0x2e0d38]
V  [jvm.dll+0x2df144]
V  [jvm.dll+0x2de74c]
V  [jvm.dll+0x32305b]
V  [jvm.dll+0x847e0b]
V  [jvm.dll+0x848b42]
V  [jvm.dll+0x84905d]
V  [jvm.dll+0x849434]
V  [jvm.dll+0x849500]
V  [jvm.dll+0x7efa4a]
V  [jvm.dll+0x686a35]
C  [ucrtbase.dll+0x29333]
C  [KERNEL32.DLL+0x1259d]
C  [ntdll.dll+0x5af38]

VM_Operation (0x000000c34d8fa350): G1CollectForAllocation, mode: safepoint, requested by thread 0x000002997039b980


---------------  P R O C E S S  ---------------

Threads class SMR info:
_java_thread_list=0x000002990f4bfc60, length=13, elements={
0x000002997039b980, 0x000002997a6fae90, 0x000002997a6fbff0, 0x000002997a73a3b0,
0x000002997a73cd80, 0x000002997a73db40, 0x000002997a984120, 0x000002997a9854c0,
0x000002997a989d20, 0x000002997aa17b10, 0x000002997ab0a540, 0x000002997ab27260,
0x000002990f62a020
}

Java Threads: ( => current thread )
  0x000002997039b980 JavaThread "main" [_thread_blocked, id=13916, stack(0x000000c34d800000,0x000000c34d900000)]
  0x000002997a6fae90 JavaThread "Reference Handler" daemon [_thread_blocked, id=4312, stack(0x000000c34df00000,0x000000c34e000000)]
  0x000002997a6fbff0 JavaThread "Finalizer" daemon [_thread_blocked, id=11876, stack(0x000000c34e000000,0x000000c34e100000)]
  0x000002997a73a3b0 JavaThread "Signal Dispatcher" daemon [_thread_blocked, id=16588, stack(0x000000c34e100000,0x000000c34e200000)]
  0x000002997a73cd80 JavaThread "Attach Listener" daemon [_thread_blocked, id=9164, stack(0x000000c34e200000,0x000000c34e300000)]
  0x000002997a73db40 JavaThread "Service Thread" daemon [_thread_blocked, id=15292, stack(0x000000c34e300000,0x000000c34e400000)]
  0x000002997a984120 JavaThread "Monitor Deflation Thread" daemon [_thread_blocked, id=20356, stack(0x000000c34e400000,0x000000c34e500000)]
  0x000002997a9854c0 JavaThread "C2 CompilerThread0" daemon [_thread_blocked, id=18048, stack(0x000000c34e500000,0x000000c34e600000)]
  0x000002997a989d20 JavaThread "C1 CompilerThread0" daemon [_thread_blocked, id=23484, stack(0x000000c34e600000,0x000000c34e700000)]
  0x000002997aa17b10 JavaThread "Sweeper thread" daemon [_thread_blocked, id=20424, stack(0x000000c34e700000,0x000000c34e800000)]
  0x000002997ab0a540 JavaThread "Notification Thread" daemon [_thread_blocked, id=1896, stack(0x000000c34e800000,0x000000c34e900000)]
  0x000002997ab27260 JavaThread "Common-Cleaner" daemon [_thread_blocked, id=17664, stack(0x000000c34ea00000,0x000000c34eb00000)]
  0x000002990f62a020 JavaThread "C2 CompilerThread1" daemon [_thread_blocked, id=3332, stack(0x000000c34ee00000,0x000000c34ef00000)]

Other Threads:
=>0x000002997a6f6d10 VMThread "VM Thread" [stack: 0x000000c34de00000,0x000000c34df00000] [id=2476]
  0x000002997ab0ae30 WatcherThread [stack: 0x000000c34e900000,0x000000c34ea00000] [id=18780]
  0x00000299703f6750 GCTaskThread "GC Thread#0" [stack: 0x000000c34d900000,0x000000c34da00000] [id=7140]
  0x000002997f1acce0 GCTaskThread "GC Thread#1" [stack: 0x000000c34eb00000,0x000000c34ec00000] [id=23152]
  0x000002997f20acc0 GCTaskThread "GC Thread#2" [stack: 0x000000c34ec00000,0x000000c34ed00000] [id=10796]
  0x000002997f1cf670 GCTaskThread "GC Thread#3" [stack: 0x000000c34ed00000,0x000000c34ee00000] [id=20692]
  0x0000029970406ea0 ConcurrentGCThread "G1 Main Marker" [stack: 0x000000c34da00000,0x000000c34db00000] [id=21960]
  0x00000299704078c0 ConcurrentGCThread "G1 Conc#0" [stack: 0x000000c34db00000,0x000000c34dc00000] [id=22848]
  0x000002997a5624b0 ConcurrentGCThread "G1 Refine#0" [stack: 0x000000c34dc00000,0x000000c34dd00000] [id=10632]
  0x000002990fde16e0 ConcurrentGCThread "G1 Refine#1" [stack: 0x000000c34ef00000,0x000000c34f000000] [id=11716]
  0x000002990fb96e10 ConcurrentGCThread "G1 Refine#2" [stack: 0x000000c34f000000,0x000000c34f100000] [id=24460]
  0x000002997044ab80 ConcurrentGCThread "G1 Service" [stack: 0x000000c34dd00000,0x000000c34de00000] [id=11940]

Threads with active compile tasks:
C2 CompilerThread0     4308 3402       4       org.jetbrains.org.objectweb.asm.ClassReader::readMethod (1061 bytes)
C2 CompilerThread1     4308 3447   !   4       org.jetbrains.kotlin.metadata.ProtoBuf$Type::<init> (875 bytes)

VM state: at safepoint (normal execution)

VM Mutex/Monitor currently owned by a thread:  ([mutex/lock_event])
[0x0000029970397d40] Threads_lock - owner thread: 0x000002997a6f6d10
[0x0000029970396a20] Heap_lock - owner thread: 0x000002997039b980

Heap address: 0x0000000084000000, size: 1984 MB, Compressed Oops mode: 32-bit

CDS archive(s) not mapped
Compressed class space mapped at: 0x0000000100000000-0x0000000140000000, reserved size: 1073741824
Narrow klass base: 0x0000000000000000, Narrow klass shift: 3, Narrow klass range: 0x140000000

GC Precious Log:
 CPUs: 4 total, 4 available
 Memory: 7932M
 Large Page Support: Disabled
 NUMA Support: Disabled
 Compressed Oops: Enabled (32-bit)
 Heap Region Size: 1M
 Heap Min Capacity: 8M
 Heap Initial Capacity: 124M
 Heap Max Capacity: 1984M
 Pre-touch: Disabled
 Parallel Workers: 4
 Concurrent Workers: 1
 Concurrent Refinement Workers: 4
 Periodic GC: Disabled

Heap:
 garbage-first heap   total 54272K, used 29420K [0x0000000084000000, 0x0000000100000000)
  region size 1024K, 1 young (1024K), 1 survivors (1024K)
 Metaspace       used 47089K, committed 47360K, reserved 1114112K
  class space    used 5723K, committed 5824K, reserved 1048576K

Heap Regions: E=young(eden), S=young(survivor), O=old, HS=humongous(starts), HC=humongous(continues), CS=collection set, F=free, OA=open archive, CA=closed archive, TAMS=top-at-mark-start (previous, next)
|   0|0x0000000084000000, 0x0000000084100000, 0x0000000084100000|100%|HS|  |TAMS 0x0000000084100000, 0x0000000084100000| Complete 
|   1|0x0000000084100000, 0x0000000084200000, 0x0000000084200000|100%|HC|  |TAMS 0x0000000084200000, 0x0000000084200000| Complete 
|   2|0x0000000084200000, 0x0000000084300000, 0x0000000084300000|100%|HC|  |TAMS 0x0000000084300000, 0x0000000084300000| Complete 
|   3|0x0000000084300000, 0x0000000084400000, 0x0000000084400000|100%|HC|  |TAMS 0x0000000084400000, 0x0000000084400000| Complete 
|   4|0x0000000084400000, 0x0000000084500000, 0x0000000084500000|100%| O|  |TAMS 0x0000000084500000, 0x0000000084500000| Untracked 
|   5|0x0000000084500000, 0x0000000084600000, 0x0000000084600000|100%| O|  |TAMS 0x0000000084600000, 0x0000000084600000| Untracked 
|   6|0x0000000084600000, 0x0000000084700000, 0x0000000084700000|100%| O|  |TAMS 0x0000000084600000, 0x0000000084600000| Untracked 
|   7|0x0000000084700000, 0x0000000084800000, 0x0000000084800000|100%| O|  |TAMS 0x0000000084800000, 0x0000000084800000| Untracked 
|   8|0x0000000084800000, 0x0000000084900000, 0x0000000084900000|100%| O|  |TAMS 0x0000000084900000, 0x0000000084900000| Untracked 
|   9|0x0000000084900000, 0x0000000084a00000, 0x0000000084a00000|100%| O|  |TAMS 0x0000000084a00000, 0x0000000084a00000| Untracked 
|  10|0x0000000084a00000, 0x0000000084b00000, 0x0000000084b00000|100%| O|  |TAMS 0x0000000084b00000, 0x0000000084b00000| Untracked 
|  11|0x0000000084b00000, 0x0000000084c00000, 0x0000000084c00000|100%| O|  |TAMS 0x0000000084c00000, 0x0000000084c00000| Untracked 
|  12|0x0000000084c00000, 0x0000000084d00000, 0x0000000084d00000|100%| O|  |TAMS 0x0000000084d00000, 0x0000000084d00000| Untracked 
|  13|0x0000000084d00000, 0x0000000084e00000, 0x0000000084e00000|100%| O|  |TAMS 0x0000000084e00000, 0x0000000084e00000| Untracked 
|  14|0x0000000084e00000, 0x0000000084f00000, 0x0000000084f00000|100%| O|  |TAMS 0x0000000084f00000, 0x0000000084f00000| Untracked 
|  15|0x0000000084f00000, 0x0000000085000000, 0x0000000085000000|100%| O|  |TAMS 0x0000000085000000, 0x0000000085000000| Untracked 
|  16|0x0000000085000000, 0x0000000085100000, 0x0000000085100000|100%| O|  |TAMS 0x0000000085100000, 0x0000000085100000| Untracked 
|  17|0x0000000085100000, 0x0000000085200000, 0x0000000085200000|100%| O|  |TAMS 0x0000000085200000, 0x0000000085200000| Untracked 
|  18|0x0000000085200000, 0x0000000085300000, 0x0000000085300000|100%| O|  |TAMS 0x0000000085300000, 0x0000000085300000| Untracked 
|  19|0x0000000085300000, 0x0000000085400000, 0x0000000085400000|100%| O|  |TAMS 0x0000000085400000, 0x0000000085400000| Untracked 
|  20|0x0000000085400000, 0x0000000085500000, 0x0000000085500000|100%| O|  |TAMS 0x0000000085500000, 0x0000000085500000| Untracked 
|  21|0x0000000085500000, 0x0000000085600000, 0x0000000085600000|100%|HS|  |TAMS 0x0000000085500000, 0x0000000085600000| Complete 
|  22|0x0000000085600000, 0x0000000085700000, 0x0000000085700000|100%|HC|  |TAMS 0x0000000085600000, 0x0000000085700000| Complete 
|  23|0x0000000085700000, 0x0000000085800000, 0x0000000085800000|100%| O|  |TAMS 0x0000000085700000, 0x0000000085800000| Untracked 
|  24|0x0000000085800000, 0x0000000085900000, 0x0000000085900000|100%| O|  |TAMS 0x0000000085800000, 0x0000000085900000| Untracked 
|  25|0x0000000085900000, 0x0000000085a00000, 0x0000000085a00000|100%| O|  |TAMS 0x0000000085900000, 0x00000000859bc800| Untracked 
|  26|0x0000000085a00000, 0x0000000085b00000, 0x0000000085b00000|100%| O|  |TAMS 0x0000000085a00000, 0x0000000085a00000| Untracked 
|  27|0x0000000085b00000, 0x0000000085bfe800, 0x0000000085c00000| 99%| O|  |TAMS 0x0000000085b00000, 0x0000000085b00000| Untracked 
|  28|0x0000000085c00000, 0x0000000085c00000, 0x0000000085d00000|  0%| F|  |TAMS 0x0000000085c00000, 0x0000000085c00000| Untracked 
|  29|0x0000000085d00000, 0x0000000085d00000, 0x0000000085e00000|  0%| F|  |TAMS 0x0000000085d00000, 0x0000000085d00000| Untracked 
|  30|0x0000000085e00000, 0x0000000085e00000, 0x0000000085f00000|  0%| F|  |TAMS 0x0000000085e00000, 0x0000000085e00000| Untracked 
|  31|0x0000000085f00000, 0x0000000085f00000, 0x0000000086000000|  0%| F|  |TAMS 0x0000000085f00000, 0x0000000085f00000| Untracked 
|  32|0x0000000086000000, 0x0000000086000000, 0x0000000086100000|  0%| F|  |TAMS 0x0000000086000000, 0x0000000086000000| Untracked 
|  33|0x0000000086100000, 0x0000000086100000, 0x0000000086200000|  0%| F|  |TAMS 0x0000000086100000, 0x0000000086100000| Untracked 
|  34|0x0000000086200000, 0x0000000086200000, 0x0000000086300000|  0%| F|  |TAMS 0x0000000086200000, 0x0000000086200000| Untracked 
|  35|0x0000000086300000, 0x0000000086300000, 0x0000000086400000|  0%| F|  |TAMS 0x0000000086300000, 0x0000000086300000| Untracked 
|  36|0x0000000086400000, 0x0000000086400000, 0x0000000086500000|  0%| F|  |TAMS 0x0000000086400000, 0x0000000086400000| Untracked 
|  37|0x0000000086500000, 0x0000000086500000, 0x0000000086600000|  0%| F|  |TAMS 0x0000000086500000, 0x0000000086500000| Untracked 
|  38|0x0000000086600000, 0x0000000086600000, 0x0000000086700000|  0%| F|  |TAMS 0x0000000086600000, 0x0000000086600000| Untracked 
|  39|0x0000000086700000, 0x00000000867bca78, 0x0000000086800000| 73%| S|CS|TAMS 0x0000000086700000, 0x0000000086700000| Complete 
|  40|0x0000000086800000, 0x0000000086800000, 0x0000000086900000|  0%| F|  |TAMS 0x0000000086800000, 0x0000000086800000| Untracked 
|  41|0x0000000086900000, 0x0000000086900000, 0x0000000086a00000|  0%| F|  |TAMS 0x0000000086900000, 0x0000000086900000| Untracked 
|  42|0x0000000086a00000, 0x0000000086a00000, 0x0000000086b00000|  0%| F|  |TAMS 0x0000000086a00000, 0x0000000086a00000| Untracked 
|  43|0x0000000086b00000, 0x0000000086b00000, 0x0000000086c00000|  0%| F|  |TAMS 0x0000000086b00000, 0x0000000086b00000| Untracked 
|  44|0x0000000086c00000, 0x0000000086c00000, 0x0000000086d00000|  0%| F|  |TAMS 0x0000000086c00000, 0x0000000086c00000| Untracked 
|  45|0x0000000086d00000, 0x0000000086d00000, 0x0000000086e00000|  0%| F|  |TAMS 0x0000000086d00000, 0x0000000086d00000| Untracked 
|  46|0x0000000086e00000, 0x0000000086e00000, 0x0000000086f00000|  0%| F|  |TAMS 0x0000000086e00000, 0x0000000086e00000| Untracked 
|  91|0x0000000089b00000, 0x0000000089b00000, 0x0000000089c00000|  0%| F|  |TAMS 0x0000000089b00000, 0x0000000089b00000| Untracked 
|  92|0x0000000089c00000, 0x0000000089c00000, 0x0000000089d00000|  0%| F|  |TAMS 0x0000000089c00000, 0x0000000089c00000| Untracked 
|  93|0x0000000089d00000, 0x0000000089d00000, 0x0000000089e00000|  0%| F|  |TAMS 0x0000000089d00000, 0x0000000089d00000| Untracked 
|  94|0x0000000089e00000, 0x0000000089e00000, 0x0000000089f00000|  0%| F|  |TAMS 0x0000000089e00000, 0x0000000089e00000| Untracked 
|  95|0x0000000089f00000, 0x0000000089f00000, 0x000000008a000000|  0%| F|  |TAMS 0x0000000089f00000, 0x0000000089f00000| Untracked 
| 123|0x000000008bb00000, 0x000000008bb00000, 0x000000008bc00000|  0%| F|  |TAMS 0x000000008bb00000, 0x000000008bb00000| Untracked 

Card table byte_map: [0x0000029973c50000,0x0000029974030000] _byte_map_base: 0x0000029973830000

Marking Bits (Prev, Next): (CMBitMap*) 0x00000299703f6db0, (CMBitMap*) 0x00000299703f6d70
 Prev Bits: [0x0000029976310000, 0x0000029978210000)
 Next Bits: [0x0000029974410000, 0x0000029976310000)

Polling page: 0x000002996fb50000

Metaspace:

Usage:
  Non-class:     40.40 MB used.
      Class:      5.59 MB used.
       Both:     45.99 MB used.

Virtual space:
  Non-class space:       64.00 MB reserved,      40.56 MB ( 63%) committed,  1 nodes.
      Class space:        1.00 GB reserved,       5.69 MB ( <1%) committed,  1 nodes.
             Both:        1.06 GB reserved,      46.25 MB (  4%) committed. 

Chunk freelists:
   Non-Class:  7.36 MB
       Class:  10.27 MB
        Both:  17.62 MB

MaxMetaspaceSize: unlimited
CompressedClassSpaceSize: 1.00 GB
Initial GC threshold: 21.00 MB
Current GC threshold: 74.69 MB
CDS: off
MetaspaceReclaimPolicy: balanced
 - commit_granule_bytes: 65536.
 - commit_granule_words: 8192.
 - virtual_space_node_default_size: 8388608.
 - enlarge_chunks_in_place: 1.
 - new_chunks_are_fully_committed: 0.
 - uncommit_free_chunks: 1.
 - use_allocation_guard: 0.
 - handle_deallocations: 1.


Internal statistics:

num_allocs_failed_limit: 9.
num_arena_births: 170.
num_arena_deaths: 0.
num_vsnodes_births: 2.
num_vsnodes_deaths: 0.
num_space_committed: 739.
num_space_uncommitted: 0.
num_chunks_returned_to_freelist: 9.
num_chunks_taken_from_freelist: 1501.
num_chunk_merges: 9.
num_chunk_splits: 1267.
num_chunks_enlarged: 1151.
num_inconsistent_stats: 0.

CodeHeap 'non-profiled nmethods': size=120000Kb used=1477Kb max_used=1477Kb free=118522Kb
 bounds [0x0000029907ad0000, 0x0000029907d40000, 0x000002990f000000]
CodeHeap 'profiled nmethods': size=120000Kb used=7394Kb max_used=7394Kb free=112605Kb
 bounds [0x0000029900000000, 0x0000029900740000, 0x0000029907530000]
CodeHeap 'non-nmethods': size=5760Kb used=1274Kb max_used=1313Kb free=4485Kb
 bounds [0x0000029907530000, 0x00000299077a0000, 0x0000029907ad0000]
 total_blobs=4060 nmethods=3489 adapters=483
 compilation: enabled
              stopped_count=0, restarted_count=0
 full_count=0

Compilation events (20 events):
Event: 4.273 Thread 0x000002997a989d20 3501       2       org.jetbrains.kotlin.metadata.ProtoBuf$Annotation::writeTo (72 bytes)
Event: 4.274 Thread 0x000002997a989d20 nmethod 3501 0x0000029900734e10 code [0x0000029900735040, 0x0000029900735498]
Event: 4.274 Thread 0x000002997a989d20 3502       2       org.jetbrains.kotlin.metadata.ProtoBuf$Annotation$Argument::writeTo (52 bytes)
Event: 4.274 Thread 0x000002997a989d20 nmethod 3502 0x0000029900735790 code [0x00000299007359a0, 0x0000029900735cd8]
Event: 4.274 Thread 0x000002997a989d20 3503       2       org.jetbrains.kotlin.metadata.ProtoBuf$Annotation$Argument$Value::writeTo (272 bytes)
Event: 4.276 Thread 0x000002997a989d20 nmethod 3503 0x0000029900735f90 code [0x0000029900736320, 0x0000029900736d78]
Event: 4.279 Thread 0x000002997a989d20 3507       2       java.io.FilterInputStream::read (11 bytes)
Event: 4.279 Thread 0x000002997a989d20 nmethod 3507 0x0000029900737590 code [0x0000029900737720, 0x0000029900737848]
Event: 4.280 Thread 0x000002997a989d20 3508       1       org.jetbrains.kotlin.metadata.ProtoBuf$Property::getContextReceiverTypeIdList (5 bytes)
Event: 4.280 Thread 0x000002997a989d20 nmethod 3508 0x0000029907c40e90 code [0x0000029907c41020, 0x0000029907c410f8]
Event: 4.281 Thread 0x000002997a989d20 3509       1       org.jetbrains.kotlin.load.kotlin.JvmPackagePartSource::getClassName (5 bytes)
Event: 4.281 Thread 0x000002997a989d20 nmethod 3509 0x0000029907c41190 code [0x0000029907c41320, 0x0000029907c413f8]
Event: 4.281 Thread 0x000002997a989d20 3510       2       kotlin.properties.ObservableProperty::getValue (11 bytes)
Event: 4.282 Thread 0x000002997a989d20 nmethod 3510 0x0000029900737910 code [0x0000029900737ae0, 0x0000029900737d78]
Event: 4.285 Thread 0x000002997a989d20 3511       2       java.lang.Character::getType (9 bytes)
Event: 4.285 Thread 0x000002997a989d20 nmethod 3511 0x0000029900737f90 code [0x0000029900738140, 0x0000029900738278]
Event: 4.285 Thread 0x000002997a989d20 3512       2       java.lang.CharacterDataLatin1::getType (11 bytes)
Event: 4.285 Thread 0x000002997a989d20 nmethod 3512 0x0000029900738310 code [0x00000299007384a0, 0x00000299007385d8]
Event: 4.285 Thread 0x000002997a989d20 3513       2       org.jetbrains.kotlin.metadata.jvm.JvmProtoBuf$StringTableTypes$Record$Operation::valueOf (42 bytes)
Event: 4.285 Thread 0x000002997a989d20 nmethod 3513 0x0000029900738710 code [0x00000299007388c0, 0x0000029900738a58]

GC Heap History (20 events):
Event: 0.882 GC heap after
{Heap after GC invocations=2 (full 0):
 garbage-first heap   total 126976K, used 8009K [0x0000000084000000, 0x0000000100000000)
  region size 1024K, 2 young (2048K), 2 survivors (2048K)
 Metaspace       used 14641K, committed 14784K, reserved 1114112K
  class space    used 1456K, committed 1536K, reserved 1048576K
}
Event: 1.488 GC heap before
{Heap before GC invocations=2 (full 0):
 garbage-first heap   total 126976K, used 33609K [0x0000000084000000, 0x0000000100000000)
  region size 1024K, 28 young (28672K), 2 survivors (2048K)
 Metaspace       used 21374K, committed 21504K, reserved 1114112K
  class space    used 2328K, committed 2432K, reserved 1048576K
}
Event: 1.496 GC heap after
{Heap after GC invocations=3 (full 0):
 garbage-first heap   total 126976K, used 10516K [0x0000000084000000, 0x0000000100000000)
  region size 1024K, 5 young (5120K), 5 survivors (5120K)
 Metaspace       used 21374K, committed 21504K, reserved 1114112K
  class space    used 2328K, committed 2432K, reserved 1048576K
}
Event: 2.041 GC heap before
{Heap before GC invocations=4 (full 0):
 garbage-first heap   total 45056K, used 32020K [0x0000000084000000, 0x0000000100000000)
  region size 1024K, 26 young (26624K), 5 survivors (5120K)
 Metaspace       used 28360K, committed 28480K, reserved 1114112K
  class space    used 3517K, committed 3584K, reserved 1048576K
}
Event: 2.050 GC heap after
{Heap after GC invocations=5 (full 0):
 garbage-first heap   total 45056K, used 11526K [0x0000000084000000, 0x0000000100000000)
  region size 1024K, 2 young (2048K), 2 survivors (2048K)
 Metaspace       used 28360K, committed 28480K, reserved 1114112K
  class space    used 3517K, committed 3584K, reserved 1048576K
}
Event: 2.398 GC heap before
{Heap before GC invocations=5 (full 0):
 garbage-first heap   total 45056K, used 32006K [0x0000000084000000, 0x0000000100000000)
  region size 1024K, 21 young (21504K), 2 survivors (2048K)
 Metaspace       used 30748K, committed 30912K, reserved 1114112K
  class space    used 3980K, committed 4032K, reserved 1048576K
}
Event: 2.409 GC heap after
{Heap after GC invocations=6 (full 0):
 garbage-first heap   total 45056K, used 17832K [0x0000000084000000, 0x0000000100000000)
  region size 1024K, 3 young (3072K), 3 survivors (3072K)
 Metaspace       used 30748K, committed 30912K, reserved 1114112K
  class space    used 3980K, committed 4032K, reserved 1048576K
}
Event: 2.660 GC heap before
{Heap before GC invocations=6 (full 0):
 garbage-first heap   total 45056K, used 31144K [0x0000000084000000, 0x0000000100000000)
  region size 1024K, 16 young (16384K), 3 survivors (3072K)
 Metaspace       used 34025K, committed 34304K, reserved 1114112K
  class space    used 4333K, committed 4480K, reserved 1048576K
}
Event: 2.669 GC heap after
{Heap after GC invocations=7 (full 0):
 garbage-first heap   total 54272K, used 17265K [0x0000000084000000, 0x0000000100000000)
  region size 1024K, 2 young (2048K), 2 survivors (2048K)
 Metaspace       used 34025K, committed 34304K, reserved 1114112K
  class space    used 4333K, committed 4480K, reserved 1048576K
}
Event: 2.816 GC heap before
{Heap before GC invocations=7 (full 0):
 garbage-first heap   total 54272K, used 25457K [0x0000000084000000, 0x0000000100000000)
  region size 1024K, 12 young (12288K), 2 survivors (2048K)
 Metaspace       used 35899K, committed 36096K, reserved 1114112K
  class space    used 4541K, committed 4672K, reserved 1048576K
}
Event: 2.820 GC heap after
{Heap after GC invocations=8 (full 0):
 garbage-first heap   total 54272K, used 18438K [0x0000000084000000, 0x0000000100000000)
  region size 1024K, 3 young (3072K), 3 survivors (3072K)
 Metaspace       used 35899K, committed 36096K, reserved 1114112K
  class space    used 4541K, committed 4672K, reserved 1048576K
}
Event: 3.186 GC heap before
{Heap before GC invocations=9 (full 0):
 garbage-first heap   total 54272K, used 37894K [0x0000000084000000, 0x0000000100000000)
  region size 1024K, 23 young (23552K), 3 survivors (3072K)
 Metaspace       used 40044K, committed 40256K, reserved 1114112K
  class space    used 4917K, committed 5056K, reserved 1048576K
}
Event: 3.194 GC heap after
{Heap after GC invocations=10 (full 0):
 garbage-first heap   total 54272K, used 20418K [0x0000000084000000, 0x0000000100000000)
  region size 1024K, 3 young (3072K), 3 survivors (3072K)
 Metaspace       used 40044K, committed 40256K, reserved 1114112K
  class space    used 4917K, committed 5056K, reserved 1048576K
}
Event: 3.207 GC heap before
{Heap before GC invocations=10 (full 0):
 garbage-first heap   total 54272K, used 21442K [0x0000000084000000, 0x0000000100000000)
  region size 1024K, 4 young (4096K), 3 survivors (3072K)
 Metaspace       used 40044K, committed 40256K, reserved 1114112K
  class space    used 4917K, committed 5056K, reserved 1048576K
}
Event: 3.213 GC heap after
{Heap after GC invocations=11 (full 0):
 garbage-first heap   total 54272K, used 21050K [0x0000000084000000, 0x0000000100000000)
  region size 1024K, 1 young (1024K), 1 survivors (1024K)
 Metaspace       used 40044K, committed 40256K, reserved 1114112K
  class space    used 4917K, committed 5056K, reserved 1048576K
}
Event: 3.722 GC heap before
{Heap before GC invocations=11 (full 0):
 garbage-first heap   total 54272K, used 40506K [0x0000000084000000, 0x0000000100000000)
  region size 1024K, 20 young (20480K), 1 survivors (1024K)
 Metaspace       used 45554K, committed 45824K, reserved 1114112K
  class space    used 5569K, committed 5696K, reserved 1048576K
}
Event: 3.728 GC heap after
{Heap after GC invocations=12 (full 0):
 garbage-first heap   total 54272K, used 22528K [0x0000000084000000, 0x0000000100000000)
  region size 1024K, 2 young (2048K), 2 survivors (2048K)
 Metaspace       used 45554K, committed 45824K, reserved 1114112K
  class space    used 5569K, committed 5696K, reserved 1048576K
}
Event: 4.210 GC heap before
{Heap before GC invocations=13 (full 0):
 garbage-first heap   total 54272K, used 43008K [0x0000000084000000, 0x0000000100000000)
  region size 1024K, 20 young (20480K), 2 survivors (2048K)
 Metaspace       used 47019K, committed 47296K, reserved 1114112K
  class space    used 5723K, committed 5824K, reserved 1048576K
}
Event: 4.218 GC heap after
{Heap after GC invocations=14 (full 0):
 garbage-first heap   total 54272K, used 28402K [0x0000000084000000, 0x0000000100000000)
  region size 1024K, 3 young (3072K), 3 survivors (3072K)
 Metaspace       used 47019K, committed 47296K, reserved 1114112K
  class space    used 5723K, committed 5824K, reserved 1048576K
}
Event: 4.286 GC heap before
{Heap before GC invocations=14 (full 0):
 garbage-first heap   total 54272K, used 41714K [0x0000000084000000, 0x0000000100000000)
  region size 1024K, 16 young (16384K), 3 survivors (3072K)
 Metaspace       used 47089K, committed 47360K, reserved 1114112K
  class space    used 5723K, committed 5824K, reserved 1048576K
}

Dll operation events (2 events):
Event: 0.008 Loaded shared library D:\ugm naila1\jbr\bin\java.dll
Event: 1.850 Loaded shared library D:\ugm naila1\jbr\bin\verify.dll

Deoptimization events (20 events):
Event: 3.816 Thread 0x000002997039b980 Uncommon trap: trap_request=0xffffff45 fr.pc=0x0000029907c08154 relative=0x00000000000000b4
Event: 3.816 Thread 0x000002997039b980 Uncommon trap: reason=unstable_if action=reinterpret pc=0x0000029907c08154 method=java.text.StringCharacterIterator.current()C @ 19 c2
Event: 3.816 Thread 0x000002997039b980 DEOPT PACKING pc=0x0000029907c08154 sp=0x000000c34d8fbdc0
Event: 3.816 Thread 0x000002997039b980 DEOPT UNPACKING pc=0x000002990758a1a3 sp=0x000000c34d8fbd58 mode 2
Event: 3.867 Thread 0x000002997039b980 Uncommon trap: trap_request=0xffffffc6 fr.pc=0x0000029907bb86f0 relative=0x0000000000000590
Event: 3.867 Thread 0x000002997039b980 Uncommon trap: reason=bimorphic_or_optimized_type_check action=maybe_recompile pc=0x0000029907bb86f0 method=org.jetbrains.kotlin.protobuf.CodedInputStream.tryRefillBuffer(I)Z @ 177 c2
Event: 3.867 Thread 0x000002997039b980 DEOPT PACKING pc=0x0000029907bb86f0 sp=0x000000c34d8fb2b0
Event: 3.867 Thread 0x000002997039b980 DEOPT UNPACKING pc=0x000002990758a1a3 sp=0x000000c34d8fb198 mode 2
Event: 3.869 Thread 0x000002997039b980 Uncommon trap: trap_request=0xffffffc6 fr.pc=0x0000029907bb86f0 relative=0x0000000000000590
Event: 3.869 Thread 0x000002997039b980 Uncommon trap: reason=bimorphic_or_optimized_type_check action=maybe_recompile pc=0x0000029907bb86f0 method=org.jetbrains.kotlin.protobuf.CodedInputStream.tryRefillBuffer(I)Z @ 177 c2
Event: 3.869 Thread 0x000002997039b980 DEOPT PACKING pc=0x0000029907bb86f0 sp=0x000000c34d8fb2b0
Event: 3.869 Thread 0x000002997039b980 DEOPT UNPACKING pc=0x000002990758a1a3 sp=0x000000c34d8fb198 mode 2
Event: 3.869 Thread 0x000002997039b980 Uncommon trap: trap_request=0xffffffc6 fr.pc=0x0000029907bb86f0 relative=0x0000000000000590
Event: 3.869 Thread 0x000002997039b980 Uncommon trap: reason=bimorphic_or_optimized_type_check action=maybe_recompile pc=0x0000029907bb86f0 method=org.jetbrains.kotlin.protobuf.CodedInputStream.tryRefillBuffer(I)Z @ 177 c2
Event: 3.869 Thread 0x000002997039b980 DEOPT PACKING pc=0x0000029907bb86f0 sp=0x000000c34d8fb180
Event: 3.869 Thread 0x000002997039b980 DEOPT UNPACKING pc=0x000002990758a1a3 sp=0x000000c34d8fb060 mode 2
Event: 3.872 Thread 0x000002997039b980 Uncommon trap: trap_request=0xffffffc6 fr.pc=0x0000029907bb86f0 relative=0x0000000000000590
Event: 3.872 Thread 0x000002997039b980 Uncommon trap: reason=bimorphic_or_optimized_type_check action=maybe_recompile pc=0x0000029907bb86f0 method=org.jetbrains.kotlin.protobuf.CodedInputStream.tryRefillBuffer(I)Z @ 177 c2
Event: 3.872 Thread 0x000002997039b980 DEOPT PACKING pc=0x0000029907bb86f0 sp=0x000000c34d8fb180
Event: 3.872 Thread 0x000002997039b980 DEOPT UNPACKING pc=0x000002990758a1a3 sp=0x000000c34d8fb060 mode 2

Classes unloaded (0 events):
No events

Classes redefined (0 events):
No events

Internal exceptions (20 events):
Event: 1.556 Thread 0x000002997039b980 Exception <a 'java/lang/NoSuchMethodError'{0x00000000864ba1b8}: 'java.lang.Object java.lang.invoke.DirectMethodHandle$Holder.invokeSpecial(java.lang.Object, java.lang.Object, java.lang.Object, java.lang.Object, long)'> (0x00000000864ba1b8) 
thrown [s\src\hotspot\share\interpreter\linkResolver.cpp, line 771]
Event: 1.557 Thread 0x000002997039b980 Exception <a 'java/lang/NoSuchMethodError'{0x00000000864c9578}: 'int java.lang.invoke.DelegatingMethodHandle$Holder.reinvoke_L(java.lang.Object, java.lang.Object, java.lang.Object, long, java.lang.Object, java.lang.Object)'> (0x00000000864c9578) 
thrown [s\src\hotspot\share\interpreter\linkResolver.cpp, line 771]
Event: 1.559 Thread 0x000002997039b980 Exception <a 'java/lang/NoSuchMethodError'{0x00000000864d8230}: 'int java.lang.invoke.DelegatingMethodHandle$Holder.reinvoke_L(java.lang.Object, java.lang.Object, java.lang.Object, long, int, int)'> (0x00000000864d8230) 
thrown [s\src\hotspot\share\interpreter\linkResolver.cpp, line 771]
Event: 1.561 Thread 0x000002997039b980 Exception <a 'java/lang/NoSuchMethodError'{0x00000000864e6c08}: 'int java.lang.invoke.DelegatingMethodHandle$Holder.reinvoke_L(java.lang.Object, java.lang.Object, java.lang.Object, long, long, long)'> (0x00000000864e6c08) 
thrown [s\src\hotspot\share\interpreter\linkResolver.cpp, line 771]
Event: 1.563 Thread 0x000002997039b980 Exception <a 'java/lang/NoSuchMethodError'{0x00000000864f5220}: 'int java.lang.invoke.DelegatingMethodHandle$Holder.reinvoke_L(java.lang.Object, java.lang.Object, java.lang.Object, long, int)'> (0x00000000864f5220) 
thrown [s\src\hotspot\share\interpreter\linkResolver.cpp, line 771]
Event: 1.595 Thread 0x000002997039b980 Exception <a 'java/lang/NoSuchMethodError'{0x000000008639eb48}: 'int java.lang.invoke.DirectMethodHandle$Holder.invokeStaticInit(java.lang.Object, java.lang.Object, java.lang.Object)'> (0x000000008639eb48) 
thrown [s\src\hotspot\share\interpreter\linkResolver.cpp, line 771]
Event: 1.601 Thread 0x000002997039b980 Exception <a 'java/lang/NoSuchMethodError'{0x00000000863c8680}: 'int java.lang.invoke.DirectMethodHandle$Holder.invokeStaticInit(java.lang.Object, java.lang.Object)'> (0x00000000863c8680) 
thrown [s\src\hotspot\share\interpreter\linkResolver.cpp, line 771]
Event: 1.625 Thread 0x000002997039b980 Exception <a 'java/lang/NoSuchMethodError'{0x00000000862a9040}: 'void java.lang.invoke.DirectMethodHandle$Holder.invokeSpecial(java.lang.Object, java.lang.Object, java.lang.Object)'> (0x00000000862a9040) 
thrown [s\src\hotspot\share\interpreter\linkResolver.cpp, line 771]
Event: 1.708 Thread 0x000002997039b980 Exception <a 'java/lang/NoSuchMethodError'{0x0000000085fd4940}: 'void java.lang.invoke.DirectMethodHandle$Holder.invokeStatic(java.lang.Object, java.lang.Object, java.lang.Object, java.lang.Object)'> (0x0000000085fd4940) 
thrown [s\src\hotspot\share\interpreter\linkResolver.cpp, line 771]
Event: 1.792 Thread 0x000002997039b980 Exception <a 'java/lang/NoSuchMethodError'{0x0000000085b993c8}: 'void java.lang.invoke.DirectMethodHandle$Holder.invokeStaticInit(java.lang.Object, java.lang.Object)'> (0x0000000085b993c8) 
thrown [s\src\hotspot\share\interpreter\linkResolver.cpp, line 771]
Event: 1.914 Thread 0x000002997039b980 Exception <a 'java/lang/NoSuchMethodError'{0x0000000085617fa8}: 'void java.lang.invoke.DirectMethodHandle$Holder.invokeVirtual(java.lang.Object, java.lang.Object)'> (0x0000000085617fa8) 
thrown [s\src\hotspot\share\interpreter\linkResolver.cpp, line 771]
Event: 1.924 Thread 0x000002997039b980 Exception <a 'java/lang/NoSuchMethodError'{0x00000000856925e8}: 'int java.lang.invoke.DirectMethodHandle$Holder.invokeVirtual(java.lang.Object, java.lang.Object)'> (0x00000000856925e8) 
thrown [s\src\hotspot\share\interpreter\linkResolver.cpp, line 771]
Event: 1.940 Thread 0x000002997039b980 Exception <a 'java/lang/NoSuchMethodError'{0x000000008552b7d0}: 'java.lang.Object java.lang.invoke.Invokers$Holder.invokeExact_MT(java.lang.Object, java.lang.Object, java.lang.Object, java.lang.Object, java.lang.Object, java.lang.Object)'> (0x000000008552b7d0) 
thrown [s\src\hotspot\share\interpreter\linkResolver.cpp, line 771]
Event: 2.437 Thread 0x000002997039b980 Implicit null exception at 0x0000029907ae7ff2 to 0x0000029907ae8630
Event: 2.569 Thread 0x000002997039b980 Implicit null exception at 0x0000029907ae8cf2 to 0x0000029907ae9348
Event: 2.618 Thread 0x000002997039b980 Exception <a 'java/lang/NoSuchMethodError'{0x00000000861fac00}: 'java.lang.Object java.lang.invoke.DirectMethodHandle$Holder.invokeVirtual(java.lang.Object, java.lang.Object, java.lang.Object)'> (0x00000000861fac00) 
thrown [s\src\hotspot\share\interpreter\linkResolver.cpp, line 771]
Event: 3.426 Thread 0x000002997039b980 Exception <a 'java/lang/NoSuchMethodError'{0x0000000086a848d0}: 'java.lang.Object java.lang.invoke.DirectMethodHandle$Holder.newInvokeSpecial(java.lang.Object, java.lang.Object, int)'> (0x0000000086a848d0) 
thrown [s\src\hotspot\share\interpreter\linkResolver.cpp, line 771]
Event: 3.479 Thread 0x000002997039b980 Exception <a 'java/lang/NoSuchMethodError'{0x00000000868021b8}: 'java.lang.Object java.lang.invoke.DirectMethodHandle$Holder.newInvokeSpecial(java.lang.Object, java.lang.Object, java.lang.Object, int)'> (0x00000000868021b8) 
thrown [s\src\hotspot\share\interpreter\linkResolver.cpp, line 771]
Event: 3.480 Thread 0x000002997039b980 Exception <a 'java/lang/NoSuchMethodError'{0x0000000086806840}: 'java.lang.Object java.lang.invoke.DirectMethodHandle$Holder.invokeSpecial(java.lang.Object, java.lang.Object, java.lang.Object, java.lang.Object, int)'> (0x0000000086806840) 
thrown [s\src\hotspot\share\interpreter\linkResolver.cpp, line 771]
Event: 3.480 Thread 0x000002997039b980 Exception <a 'java/lang/NoSuchMethodError'{0x000000008680a6b0}: 'java.lang.Object java.lang.invoke.Invokers$Holder.linkToTargetMethod(java.lang.Object, java.lang.Object, int, java.lang.Object)'> (0x000000008680a6b0) 
thrown [s\src\hotspot\share\interpreter\linkResolver.cpp, line 771]

VM Operations (20 events):
Event: 3.552 Executing VM operation: HandshakeAllThreads done
Event: 3.598 Executing VM operation: HandshakeAllThreads
Event: 3.598 Executing VM operation: HandshakeAllThreads done
Event: 3.722 Executing VM operation: G1CollectForAllocation
Event: 3.732 Executing VM operation: G1CollectForAllocation done
Event: 3.760 Executing VM operation: G1PauseRemark
Event: 3.764 Executing VM operation: G1PauseRemark done
Event: 3.776 Executing VM operation: HandshakeAllThreads
Event: 3.776 Executing VM operation: HandshakeAllThreads done
Event: 3.780 Executing VM operation: G1PauseCleanup
Event: 3.781 Executing VM operation: G1PauseCleanup done
Event: 3.858 Executing VM operation: HandshakeAllThreads
Event: 3.858 Executing VM operation: HandshakeAllThreads done
Event: 4.152 Executing VM operation: ICBufferFull
Event: 4.152 Executing VM operation: ICBufferFull done
Event: 4.158 Executing VM operation: HandshakeAllThreads
Event: 4.158 Executing VM operation: HandshakeAllThreads done
Event: 4.210 Executing VM operation: G1CollectForAllocation
Event: 4.218 Executing VM operation: G1CollectForAllocation done
Event: 4.286 Executing VM operation: G1CollectForAllocation

Events (20 events):
Event: 3.425 loading class java/util/function/IntUnaryOperator
Event: 3.425 loading class java/util/function/IntUnaryOperator done
Event: 3.438 loading class java/util/ConcurrentModificationException
Event: 3.439 loading class java/util/ConcurrentModificationException done
Event: 3.453 loading class java/util/ArrayList$ListItr
Event: 3.453 loading class java/util/ArrayList$ListItr done
Event: 3.540 loading class java/io/InvalidObjectException
Event: 3.540 loading class java/io/InvalidObjectException done
Event: 3.551 loading class java/util/AbstractList$SubList$1
Event: 3.551 loading class java/util/AbstractList$SubList$1 done
Event: 3.552 loading class java/util/AbstractList$ListItr
Event: 3.552 loading class java/util/AbstractList$ListItr done
Event: 3.653 loading class java/text/StringCharacterIterator
Event: 3.653 loading class java/text/CharacterIterator
Event: 3.653 loading class java/text/CharacterIterator done
Event: 3.653 loading class java/text/StringCharacterIterator done
Event: 3.716 loading class java/lang/Override
Event: 3.716 loading class java/lang/Override done
Event: 3.717 loading class java/security/CodeSigner
Event: 3.717 loading class java/security/CodeSigner done


Dynamic libraries:
0x00007ff6131c0000 - 0x00007ff6131ca000 	D:\ugm naila1\jbr\bin\java.exe
0x00007ffc8dad0000 - 0x00007ffc8dce7000 	C:\WINDOWS\SYSTEM32\ntdll.dll
0x00007ffc8d090000 - 0x00007ffc8d154000 	C:\WINDOWS\System32\KERNEL32.DLL
0x00007ffc8b010000 - 0x00007ffc8b3c9000 	C:\WINDOWS\System32\KERNELBASE.dll
0x00007ffc8ae70000 - 0x00007ffc8af81000 	C:\WINDOWS\System32\ucrtbase.dll
0x00007ffc869f0000 - 0x00007ffc86a0b000 	D:\ugm naila1\jbr\bin\VCRUNTIME140.dll
0x00007ffc5a970000 - 0x00007ffc5a987000 	D:\ugm naila1\jbr\bin\jli.dll
0x00007ffc8d260000 - 0x00007ffc8d40e000 	C:\WINDOWS\System32\USER32.dll
0x00007ffc8b470000 - 0x00007ffc8b496000 	C:\WINDOWS\System32\win32u.dll
0x00007ffc8d060000 - 0x00007ffc8d089000 	C:\WINDOWS\System32\GDI32.dll
0x00007ffc780b0000 - 0x00007ffc78342000 	C:\WINDOWS\WinSxS\amd64_microsoft.windows.common-controls_6595b64144ccf1df_6.0.22621.4391_none_2715d37f73803e96\COMCTL32.dll
0x00007ffc8b610000 - 0x00007ffc8b72b000 	C:\WINDOWS\System32\gdi32full.dll
0x00007ffc8cdc0000 - 0x00007ffc8ce67000 	C:\WINDOWS\System32\msvcrt.dll
0x00007ffc8add0000 - 0x00007ffc8ae6a000 	C:\WINDOWS\System32\msvcp_win.dll
0x00007ffc8cfa0000 - 0x00007ffc8cfd1000 	C:\WINDOWS\System32\IMM32.DLL
0x00007ffc86ff0000 - 0x00007ffc86ffc000 	D:\ugm naila1\jbr\bin\vcruntime140_1.dll
0x00007ffc315c0000 - 0x00007ffc3164d000 	D:\ugm naila1\jbr\bin\msvcp140.dll
0x00007ffbd7b40000 - 0x00007ffbd87c3000 	D:\ugm naila1\jbr\bin\server\jvm.dll
0x00007ffc8c6b0000 - 0x00007ffc8c762000 	C:\WINDOWS\System32\ADVAPI32.dll
0x00007ffc8c300000 - 0x00007ffc8c3a7000 	C:\WINDOWS\System32\sechost.dll
0x00007ffc8b440000 - 0x00007ffc8b468000 	C:\WINDOWS\System32\bcrypt.dll
0x00007ffc8b800000 - 0x00007ffc8b914000 	C:\WINDOWS\System32\RPCRT4.dll
0x00007ffc8aca0000 - 0x00007ffc8aced000 	C:\WINDOWS\SYSTEM32\POWRPROF.dll
0x00007ffc67560000 - 0x00007ffc67569000 	C:\WINDOWS\SYSTEM32\WSOCK32.dll
0x00007ffc8cfe0000 - 0x00007ffc8d051000 	C:\WINDOWS\System32\WS2_32.dll
0x00007ffc86980000 - 0x00007ffc869b4000 	C:\WINDOWS\SYSTEM32\WINMM.dll
0x00007ffc84d00000 - 0x00007ffc84d0a000 	C:\WINDOWS\SYSTEM32\VERSION.dll
0x00007ffc8ac80000 - 0x00007ffc8ac93000 	C:\WINDOWS\SYSTEM32\UMPDC.dll
0x00007ffc89e10000 - 0x00007ffc89e28000 	C:\WINDOWS\SYSTEM32\kernel.appcore.dll
0x00007ffc86850000 - 0x00007ffc8685a000 	D:\ugm naila1\jbr\bin\jimage.dll
0x00007ffc88650000 - 0x00007ffc88882000 	C:\WINDOWS\SYSTEM32\DBGHELP.DLL
0x00007ffc8d480000 - 0x00007ffc8d80f000 	C:\WINDOWS\System32\combase.dll
0x00007ffc8cce0000 - 0x00007ffc8cdb7000 	C:\WINDOWS\System32\OLEAUT32.dll
0x00007ffc6fd90000 - 0x00007ffc6fdc2000 	C:\WINDOWS\SYSTEM32\dbgcore.DLL
0x00007ffc8af90000 - 0x00007ffc8b00b000 	C:\WINDOWS\System32\bcryptPrimitives.dll
0x00007ffc80040000 - 0x00007ffc80065000 	D:\ugm naila1\jbr\bin\java.dll
0x00007ffc77f50000 - 0x00007ffc77f68000 	D:\ugm naila1\jbr\bin\zip.dll
0x00007ffc8b920000 - 0x00007ffc8c196000 	C:\WINDOWS\System32\SHELL32.dll
0x00007ffc88d10000 - 0x00007ffc89613000 	C:\WINDOWS\SYSTEM32\windows.storage.dll
0x00007ffc88bd0000 - 0x00007ffc88d0f000 	C:\WINDOWS\SYSTEM32\wintypes.dll
0x00007ffc8d160000 - 0x00007ffc8d259000 	C:\WINDOWS\System32\SHCORE.dll
0x00007ffc8d410000 - 0x00007ffc8d46e000 	C:\WINDOWS\System32\shlwapi.dll
0x00007ffc8ad00000 - 0x00007ffc8ad2b000 	C:\WINDOWS\SYSTEM32\profapi.dll
0x00007ffc65ec0000 - 0x00007ffc65ed9000 	D:\ugm naila1\jbr\bin\net.dll
0x00007ffc845e0000 - 0x00007ffc84716000 	C:\WINDOWS\SYSTEM32\WINHTTP.dll
0x00007ffc8a290000 - 0x00007ffc8a2f9000 	C:\WINDOWS\system32\mswsock.dll
0x00007ffc5ecb0000 - 0x00007ffc5ecc6000 	D:\ugm naila1\jbr\bin\nio.dll
0x00007ffc75bb0000 - 0x00007ffc75bc0000 	D:\ugm naila1\jbr\bin\verify.dll

dbghelp: loaded successfully - version: 4.0.5 - missing functions: none
symbol engine: initialized successfully - sym options: 0x614 - pdb path: .;D:\ugm naila1\jbr\bin;C:\WINDOWS\SYSTEM32;C:\WINDOWS\WinSxS\amd64_microsoft.windows.common-controls_6595b64144ccf1df_6.0.22621.4391_none_2715d37f73803e96;D:\ugm naila1\jbr\bin\server

VM Arguments:
java_command: org.jetbrains.kotlin.cli.jvm.K2JVMCompiler @D:\ugm naila\SEMESTER 3\Mobile\Tugas_Notification\app\build\20241213_10720180513138206509.compiler.options
java_class_path (initial): C:\Users\Azmie Alyaa Khairani\.gradle\caches\modules-2\files-2.1\org.jetbrains.kotlin\kotlin-compiler-embeddable\1.9.0\2c8c3a7402becca891f12739b3e9fd2dc2adbd7a\kotlin-compiler-embeddable-1.9.0.jar;C:\Users\Azmie Alyaa Khairani\.gradle\caches\modules-2\files-2.1\org.jetbrains.kotlin\kotlin-stdlib\1.9.0\8ee15ef0c67dc83d874f412d84378d7f0eb50b63\kotlin-stdlib-1.9.0.jar;C:\Users\Azmie Alyaa Khairani\.gradle\caches\modules-2\files-2.1\org.jetbrains.kotlin\kotlin-script-runtime\1.9.0\4b3102cbbb7e1b58d9d1adf89563f00069ffa7d1\kotlin-script-runtime-1.9.0.jar;C:\Users\Azmie Alyaa Khairani\.gradle\caches\modules-2\files-2.1\org.jetbrains.kotlin\kotlin-reflect\1.6.10\1cbe9c92c12a94eea200d23c2bbaedaf3daf5132\kotlin-reflect-1.6.10.jar;C:\Users\Azmie Alyaa Khairani\.gradle\caches\modules-2\files-2.1\org.jetbrains.kotlin\kotlin-daemon-embeddable\1.9.0\186543f5e28cf8d9a0290fecc2cf34301c40a65c\kotlin-daemon-embeddable-1.9.0.jar;C:\Users\Azmie Alyaa Khairani\.gradle\caches\modules-2\files-2.1\org.jetbrains.intellij.deps\trove4j\1.0.20200330\3afb14d5f9ceb459d724e907a21145e8ff394f02\trove4j-1.0.20200330.jar;C:\Users\Azmie Alyaa Khairani\.gradle\caches\modules-2\files-2.1\org.jetbrains.kotlin\kotlin-stdlib-common\1.9.0\cd65c21cfd1eec4d44ef09f9f52b6d9f8a720636\kotlin-stdlib-common-1.9.0.jar;C:\Users\Azmie Alyaa Khairani\.gradle\caches\modules-2\files-2.1\org.jetbrains\annotations\13.0\919f0dfe192fb4e063e7dacadee7f8bb9a2672a9\annotations-13.0.jar
Launcher Type: SUN_STANDARD

[Global flags]
     intx CICompilerCount                          = 3                                         {product} {ergonomic}
     uint ConcGCThreads                            = 1                                         {product} {ergonomic}
     uint G1ConcRefinementThreads                  = 4                                         {product} {ergonomic}
   size_t G1HeapRegionSize                         = 1048576                                   {product} {ergonomic}
    uintx GCDrainStackTargetSize                   = 64                                        {product} {ergonomic}
   size_t InitialHeapSize                          = 130023424                                 {product} {ergonomic}
   size_t MarkStackSize                            = 4194304                                   {product} {ergonomic}
   size_t MaxHeapSize                              = 2080374784                                {product} {ergonomic}
   size_t MaxNewSize                               = 1247805440                                {product} {ergonomic}
   size_t MinHeapDeltaBytes                        = 1048576                                   {product} {ergonomic}
   size_t MinHeapSize                              = 8388608                                   {product} {ergonomic}
    uintx NonNMethodCodeHeapSize                   = 5832780                                {pd product} {ergonomic}
    uintx NonProfiledCodeHeapSize                  = 122912730                              {pd product} {ergonomic}
    uintx ProfiledCodeHeapSize                     = 122912730                              {pd product} {ergonomic}
    uintx ReservedCodeCacheSize                    = 251658240                              {pd product} {ergonomic}
     bool SegmentedCodeCache                       = true                                      {product} {ergonomic}
   size_t SoftMaxHeapSize                          = 2080374784                             {manageable} {ergonomic}
     bool UseCompressedClassPointers               = true                           {product lp64_product} {ergonomic}
     bool UseCompressedOops                        = true                           {product lp64_product} {ergonomic}
     bool UseG1GC                                  = true                                      {product} {ergonomic}
     bool UseLargePagesIndividualAllocation        = false                                  {pd product} {ergonomic}

Logging:
Log output configuration:
 #0: stdout all=warning uptime,level,tags
 #1: stderr all=off uptime,level,tags

Environment Variables:
PATH=C:\Program Files\Common Files\Oracle\Java\javapath;D:\oracle\dbhomeXE\bin;C:\Program Files (x86)\Common Files\Intel\Shared Libraries\redist\intel64\compiler;C:\WINDOWS\system32;C:\WINDOWS;C:\WINDOWS\System32\Wbem;C:\WINDOWS\System32\WindowsPowerShell\v1.0\;C:\WINDOWS\System32\OpenSSH\;C:\Program Files (x86)\Git\cmd;D:\xampp\php;C:\ProgramData\ComposerSetup\bin;C:\Users\Azmie Alyaa Khairani\AppData\Local\Microsoft\WindowsApps;;C:\Users\Azmie Alyaa Khairani\Documents\ugm naila\Microsoft VS Code\bin;C:\Users\Azmie Alyaa Khairani\AppData\Roaming\Composer\vendor\bin
USERNAME=Azmie Alyaa Khairani
OS=Windows_NT
PROCESSOR_IDENTIFIER=Intel64 Family 6 Model 126 Stepping 5, GenuineIntel
TMP=C:\Users\AZMIEA~1\AppData\Local\Temp
TEMP=C:\Users\AZMIEA~1\AppData\Local\Temp



Periodic native trim disabled

JNI global refs:
JNI global refs: 9, weak refs: 12

JNI global refs memory usage: 843, weak refs: 841

Process memory usage:
Resident Set Size: 189864K (2% of 8123192K total physical memory with 1042668K free physical memory)

OOME stack traces (most recent first):
Classloader memory used:
Loader jdk.internal.loader.ClassLoaders$AppClassLoader                                 : 4611K
Loader bootstrap                                                                       : 1268K
Loader jdk.internal.reflect.DelegatingClassLoader                                      : 6499B


---------------  S Y S T E M  ---------------

OS:
 Windows 11 , 64 bit Build 22621 (10.0.22621.4391)
OS uptime: 5 days 20:06 hours

CPU: total 4 (initial active 4) (2 cores per cpu, 2 threads per core) family 6 model 126 stepping 5 microcode 0xa8, cx8, cmov, fxsr, ht, mmx, 3dnowpref, sse, sse2, sse3, ssse3, sse4.1, sse4.2, popcnt, lzcnt, tsc, tscinvbit, avx, avx2, aes, erms, clmul, bmi1, bmi2, adx, avx512f, avx512dq, avx512cd, avx512bw, avx512vl, sha, fma, vzeroupper, avx512_vpopcntdq, avx512_vpclmulqdq, avx512_vaes, avx512_vnni, clflush, clflushopt, avx512_vbmi2, avx512_vbmi
Processor Information for all 4 processors :
  Max Mhz: 1190, Current Mhz: 1190, Mhz Limit: 1190

Memory: 4k page, system-wide physical 7932M (1018M free)
TotalPageFile size 20961M (AvailPageFile size 18M)
current process WorkingSet (physical memory assigned to process): 185M, peak: 185M
current process commit charge ("private bytes"): 212M, peak: 257M

vm_info: OpenJDK 64-Bit Server VM (17.0.11+0--11852314) for windows-amd64 JRE (17.0.11+0--11852314), built on May 16 2024 21:29:20 by "androidbuild" with MS VC++ 16.10 / 16.11 (VS2019)

END.
