#
# There is insufficient memory for the Java Runtime Environment to continue.
# Native memory allocation (malloc) failed to allocate 487616 bytes. Error detail: Chunk::new
# Possible reasons:
#   The system is out of physical RAM or swap space
#   This process is running with CompressedOops enabled, and the Java Heap may be blocking the growth of the native heap
# Possible solutions:
#   Reduce memory load on the system
#   Increase physical memory or swap space
#   Check if swap backing store is full
#   Decrease Java heap size (-Xmx/-Xms)
#   Decrease number of Java threads
#   Decrease Java thread stack sizes (-Xss)
#   Set larger code cache with -XX:ReservedCodeCacheSize=
#   JVM is running with Unscaled Compressed Oops mode in which the Java heap is
#     placed in the first 4GB address space. The Java Heap base address is the
#     maximum limit for the native heap growth. Please use -XX:HeapBaseMinAddress
#     to set the Java Heap base and to place the Java Heap above 4GB virtual address.
# This output file may be truncated or incomplete.
#
#  Out of Memory Error (arena.cpp:191), pid=15720, tid=15552
#
# JRE version: OpenJDK Runtime Environment (17.0.11) (build 17.0.11+0--11852314)
# Java VM: OpenJDK 64-Bit Server VM (17.0.11+0--11852314, mixed mode, tiered, compressed oops, compressed class ptrs, g1 gc, windows-amd64)
# No core dump will be written. Minidumps are not enabled by default on client versions of Windows
#

---------------  S U M M A R Y ------------

Command Line: org.jetbrains.kotlin.cli.jvm.K2JVMCompiler @D:\ugm naila\SEMESTER 3\Mobile\Tugas_Notification\app\build\20241213_9382690033271952719.compiler.options

Host: Intel(R) Core(TM) i3-1005G1 CPU @ 1.20GHz, 4 cores, 7G,  Windows 11 , 64 bit Build 22621 (10.0.22621.4391)
Time: Fri Dec 13 09:22:06 2024 SE Asia Standard Time elapsed time: 9.472088 seconds (0d 0h 0m 9s)

---------------  T H R E A D  ---------------

Current thread (0x000001e6e80f52b0):  JavaThread "C2 CompilerThread1" daemon [_thread_in_native, id=15552, stack(0x000000a5ba200000,0x000000a5ba300000)]


Current CompileTask:
C2:   9472 5997       4       org.jetbrains.org.objectweb.asm.ClassReader::readElementValue (1237 bytes)

Stack: [0x000000a5ba200000,0x000000a5ba300000]
Native frames: (J=compiled Java code, j=interpreted, Vv=VM code, C=native code)
V  [jvm.dll+0x687bb9]
V  [jvm.dll+0x84142a]
V  [jvm.dll+0x8430ae]
V  [jvm.dll+0x843713]
V  [jvm.dll+0x24a35f]
V  [jvm.dll+0xac544]
V  [jvm.dll+0xacb8c]
V  [jvm.dll+0x2b194f]
V  [jvm.dll+0x58eba7]
V  [jvm.dll+0x2247e2]
V  [jvm.dll+0x21d6dd]
V  [jvm.dll+0x21b201]
V  [jvm.dll+0x1a63ed]
V  [jvm.dll+0x22b1ee]
V  [jvm.dll+0x229375]
V  [jvm.dll+0x7f5647]
V  [jvm.dll+0x7efa4a]
V  [jvm.dll+0x686a35]
C  [ucrtbase.dll+0x29333]
C  [KERNEL32.DLL+0x1259d]
C  [ntdll.dll+0x5af38]


---------------  P R O C E S S  ---------------

Threads class SMR info:
_java_thread_list=0x000001e6e787edf0, length=13, elements={
0x000001e6c9299200, 0x000001e6e261b5b0, 0x000001e6e261bf70, 0x000001e6e26458a0,
0x000001e6e2648670, 0x000001e6e2649030, 0x000001e6e26499f0, 0x000001e6e27b8a90,
0x000001e6e27b9540, 0x000001e6e27bbf50, 0x000001e6e2927a80, 0x000001e6e292ca60,
0x000001e6e80f52b0
}

Java Threads: ( => current thread )
  0x000001e6c9299200 JavaThread "main" [_thread_in_Java, id=3688, stack(0x000000a5b8c00000,0x000000a5b8d00000)]
  0x000001e6e261b5b0 JavaThread "Reference Handler" daemon [_thread_blocked, id=18500, stack(0x000000a5b9300000,0x000000a5b9400000)]
  0x000001e6e261bf70 JavaThread "Finalizer" daemon [_thread_blocked, id=16720, stack(0x000000a5b9400000,0x000000a5b9500000)]
  0x000001e6e26458a0 JavaThread "Signal Dispatcher" daemon [_thread_blocked, id=3636, stack(0x000000a5b9500000,0x000000a5b9600000)]
  0x000001e6e2648670 JavaThread "Attach Listener" daemon [_thread_blocked, id=4876, stack(0x000000a5b9600000,0x000000a5b9700000)]
  0x000001e6e2649030 JavaThread "Service Thread" daemon [_thread_blocked, id=10828, stack(0x000000a5b9700000,0x000000a5b9800000)]
  0x000001e6e26499f0 JavaThread "Monitor Deflation Thread" daemon [_thread_blocked, id=8960, stack(0x000000a5b9800000,0x000000a5b9900000)]
  0x000001e6e27b8a90 JavaThread "C2 CompilerThread0" daemon [_thread_in_native, id=20784, stack(0x000000a5b9900000,0x000000a5b9a00000)]
  0x000001e6e27b9540 JavaThread "C1 CompilerThread0" daemon [_thread_blocked, id=2032, stack(0x000000a5b9a00000,0x000000a5b9b00000)]
  0x000001e6e27bbf50 JavaThread "Sweeper thread" daemon [_thread_blocked, id=19260, stack(0x000000a5b9b00000,0x000000a5b9c00000)]
  0x000001e6e2927a80 JavaThread "Notification Thread" daemon [_thread_blocked, id=7680, stack(0x000000a5b9c00000,0x000000a5b9d00000)]
  0x000001e6e292ca60 JavaThread "Common-Cleaner" daemon [_thread_blocked, id=15548, stack(0x000000a5b9e00000,0x000000a5b9f00000)]
=>0x000001e6e80f52b0 JavaThread "C2 CompilerThread1" daemon [_thread_in_native, id=15552, stack(0x000000a5ba200000,0x000000a5ba300000)]

Other Threads:
  0x000001e6e2617bd0 VMThread "VM Thread" [stack: 0x000000a5b9200000,0x000000a5b9300000] [id=7952]
  0x000001e6e292a380 WatcherThread [stack: 0x000000a5b9d00000,0x000000a5b9e00000] [id=5388]
  0x000001e6c92f5160 GCTaskThread "GC Thread#0" [stack: 0x000000a5b8d00000,0x000000a5b8e00000] [id=14260]
  0x000001e6e719c880 GCTaskThread "GC Thread#1" [stack: 0x000000a5b9f00000,0x000000a5ba000000] [id=8224]
  0x000001e6e7208440 GCTaskThread "GC Thread#2" [stack: 0x000000a5ba000000,0x000000a5ba100000] [id=18160]
  0x000001e6e7208700 GCTaskThread "GC Thread#3" [stack: 0x000000a5ba100000,0x000000a5ba200000] [id=23100]
  0x000001e6c93058b0 ConcurrentGCThread "G1 Main Marker" [stack: 0x000000a5b8e00000,0x000000a5b8f00000] [id=19760]
  0x000001e6c9306a70 ConcurrentGCThread "G1 Conc#0" [stack: 0x000000a5b8f00000,0x000000a5b9000000] [id=8600]
  0x000001e6e24724b0 ConcurrentGCThread "G1 Refine#0" [stack: 0x000000a5b9000000,0x000000a5b9100000] [id=9596]
  0x000001e6e841a0e0 ConcurrentGCThread "G1 Refine#1" [stack: 0x000000a5ba300000,0x000000a5ba400000] [id=3048]
  0x000001e6e8e9ad70 ConcurrentGCThread "G1 Refine#2" [stack: 0x000000a5ba400000,0x000000a5ba500000] [id=12848]
  0x000001e6c934bd30 ConcurrentGCThread "G1 Service" [stack: 0x000000a5b9100000,0x000000a5b9200000] [id=19968]

Threads with active compile tasks:
C2 CompilerThread0     9494 6027       4       org.jetbrains.kotlin.com.intellij.util.containers.UnsignedShortArrayList::add (27 bytes)
C1 CompilerThread0     9494 6041       3       org.jetbrains.kotlin.com.intellij.openapi.util.NotNullLazyValue::getValue (42 bytes)
C2 CompilerThread1     9494 5997       4       org.jetbrains.org.objectweb.asm.ClassReader::readElementValue (1237 bytes)

VM state: not at safepoint (normal execution)

VM Mutex/Monitor currently owned by a thread: None

Heap address: 0x0000000084000000, size: 1984 MB, Compressed Oops mode: 32-bit

CDS archive(s) not mapped
Compressed class space mapped at: 0x0000000100000000-0x0000000140000000, reserved size: 1073741824
Narrow klass base: 0x0000000000000000, Narrow klass shift: 3, Narrow klass range: 0x140000000

GC Precious Log:
 CPUs: 4 total, 4 available
 Memory: 7932M
 Large Page Support: Disabled
 NUMA Support: Disabled
 Compressed Oops: Enabled (32-bit)
 Heap Region Size: 1M
 Heap Min Capacity: 8M
 Heap Initial Capacity: 124M
 Heap Max Capacity: 1984M
 Pre-touch: Disabled
 Parallel Workers: 4
 Concurrent Workers: 1
 Concurrent Refinement Workers: 4
 Periodic GC: Disabled

Heap:
 garbage-first heap   total 106496K, used 62900K [0x0000000084000000, 0x0000000100000000)
  region size 1024K, 29 young (29696K), 5 survivors (5120K)
 Metaspace       used 59400K, committed 59648K, reserved 1114112K
  class space    used 7181K, committed 7296K, reserved 1048576K

Heap Regions: E=young(eden), S=young(survivor), O=old, HS=humongous(starts), HC=humongous(continues), CS=collection set, F=free, OA=open archive, CA=closed archive, TAMS=top-at-mark-start (previous, next)
|   0|0x0000000084000000, 0x0000000084100000, 0x0000000084100000|100%|HS|  |TAMS 0x0000000084100000, 0x0000000084000000| Complete 
|   1|0x0000000084100000, 0x0000000084200000, 0x0000000084200000|100%|HC|  |TAMS 0x0000000084200000, 0x0000000084100000| Complete 
|   2|0x0000000084200000, 0x0000000084300000, 0x0000000084300000|100%|HC|  |TAMS 0x0000000084300000, 0x0000000084200000| Complete 
|   3|0x0000000084300000, 0x0000000084400000, 0x0000000084400000|100%|HC|  |TAMS 0x0000000084400000, 0x0000000084300000| Complete 
|   4|0x0000000084400000, 0x0000000084500000, 0x0000000084500000|100%| O|  |TAMS 0x0000000084500000, 0x0000000084400000| Untracked 
|   5|0x0000000084500000, 0x0000000084600000, 0x0000000084600000|100%| O|  |TAMS 0x0000000084600000, 0x0000000084500000| Untracked 
|   6|0x0000000084600000, 0x0000000084700000, 0x0000000084700000|100%| O|  |TAMS 0x0000000084700000, 0x0000000084600000| Untracked 
|   7|0x0000000084700000, 0x0000000084800000, 0x0000000084800000|100%| O|  |TAMS 0x0000000084800000, 0x0000000084700000| Untracked 
|   8|0x0000000084800000, 0x0000000084900000, 0x0000000084900000|100%| O|  |TAMS 0x0000000084900000, 0x0000000084800000| Untracked 
|   9|0x0000000084900000, 0x0000000084a00000, 0x0000000084a00000|100%| O|  |TAMS 0x0000000084a00000, 0x0000000084900000| Untracked 
|  10|0x0000000084a00000, 0x0000000084b00000, 0x0000000084b00000|100%| O|  |TAMS 0x0000000084b00000, 0x0000000084a00000| Untracked 
|  11|0x0000000084b00000, 0x0000000084c00000, 0x0000000084c00000|100%| O|  |TAMS 0x0000000084c00000, 0x0000000084b00000| Untracked 
|  12|0x0000000084c00000, 0x0000000084d00000, 0x0000000084d00000|100%| O|  |TAMS 0x0000000084d00000, 0x0000000084c00000| Untracked 
|  13|0x0000000084d00000, 0x0000000084e00000, 0x0000000084e00000|100%| O|  |TAMS 0x0000000084e00000, 0x0000000084d00000| Untracked 
|  14|0x0000000084e00000, 0x0000000084f00000, 0x0000000084f00000|100%| O|  |TAMS 0x0000000084f00000, 0x0000000084e00000| Untracked 
|  15|0x0000000084f00000, 0x0000000085000000, 0x0000000085000000|100%| O|  |TAMS 0x0000000085000000, 0x0000000084f00000| Untracked 
|  16|0x0000000085000000, 0x0000000085100000, 0x0000000085100000|100%| O|  |TAMS 0x0000000085100000, 0x0000000085000000| Untracked 
|  17|0x0000000085100000, 0x0000000085200000, 0x0000000085200000|100%| O|  |TAMS 0x0000000085200000, 0x0000000085100000| Untracked 
|  18|0x0000000085200000, 0x0000000085300000, 0x0000000085300000|100%| O|  |TAMS 0x0000000085300000, 0x0000000085200000| Untracked 
|  19|0x0000000085300000, 0x0000000085400000, 0x0000000085400000|100%| O|  |TAMS 0x0000000085400000, 0x0000000085300000| Untracked 
|  20|0x0000000085400000, 0x0000000085500000, 0x0000000085500000|100%| O|  |TAMS 0x0000000085500000, 0x0000000085400000| Untracked 
|  21|0x0000000085500000, 0x0000000085600000, 0x0000000085600000|100%|HS|  |TAMS 0x0000000085600000, 0x0000000085500000| Complete 
|  22|0x0000000085600000, 0x0000000085700000, 0x0000000085700000|100%|HC|  |TAMS 0x0000000085700000, 0x0000000085600000| Complete 
|  23|0x0000000085700000, 0x0000000085800000, 0x0000000085800000|100%| O|  |TAMS 0x0000000085800000, 0x0000000085700000| Untracked 
|  24|0x0000000085800000, 0x0000000085900000, 0x0000000085900000|100%| O|  |TAMS 0x0000000085900000, 0x0000000085800000| Untracked 
|  25|0x0000000085900000, 0x0000000085a00000, 0x0000000085a00000|100%| O|  |TAMS 0x0000000085900000, 0x0000000085900000| Untracked 
|  26|0x0000000085a00000, 0x0000000085b00000, 0x0000000085b00000|100%| O|  |TAMS 0x0000000085b00000, 0x0000000085a00000| Untracked 
|  27|0x0000000085b00000, 0x0000000085b6d000, 0x0000000085c00000| 42%| O|  |TAMS 0x0000000085b00000, 0x0000000085b00000| Untracked 
|  28|0x0000000085c00000, 0x0000000085d00000, 0x0000000085d00000|100%| O|  |TAMS 0x0000000085c00000, 0x0000000085c00000| Untracked 
|  29|0x0000000085d00000, 0x0000000085e00000, 0x0000000085e00000|100%| O|  |TAMS 0x0000000085d00000, 0x0000000085d00000| Untracked 
|  30|0x0000000085e00000, 0x0000000085f00000, 0x0000000085f00000|100%| O|  |TAMS 0x0000000085e00000, 0x0000000085e00000| Untracked 
|  31|0x0000000085f00000, 0x0000000086000000, 0x0000000086000000|100%| O|  |TAMS 0x0000000085f00000, 0x0000000085f00000| Untracked 
|  32|0x0000000086000000, 0x0000000086100000, 0x0000000086100000|100%| O|  |TAMS 0x0000000086000000, 0x0000000086000000| Untracked 
|  33|0x0000000086100000, 0x0000000086200000, 0x0000000086200000|100%| O|  |TAMS 0x0000000086100000, 0x0000000086100000| Untracked 
|  34|0x0000000086200000, 0x0000000086200000, 0x0000000086300000|  0%| F|  |TAMS 0x0000000086200000, 0x0000000086200000| Untracked 
|  35|0x0000000086300000, 0x0000000086300000, 0x0000000086400000|  0%| F|  |TAMS 0x0000000086300000, 0x0000000086300000| Untracked 
|  36|0x0000000086400000, 0x0000000086400000, 0x0000000086500000|  0%| F|  |TAMS 0x0000000086400000, 0x0000000086400000| Untracked 
|  37|0x0000000086500000, 0x0000000086500000, 0x0000000086600000|  0%| F|  |TAMS 0x0000000086500000, 0x0000000086500000| Untracked 
|  38|0x0000000086600000, 0x0000000086600000, 0x0000000086700000|  0%| F|  |TAMS 0x0000000086600000, 0x0000000086600000| Untracked 
|  39|0x0000000086700000, 0x0000000086700000, 0x0000000086800000|  0%| F|  |TAMS 0x0000000086700000, 0x0000000086700000| Untracked 
|  40|0x0000000086800000, 0x0000000086800000, 0x0000000086900000|  0%| F|  |TAMS 0x0000000086800000, 0x0000000086800000| Untracked 
|  41|0x0000000086900000, 0x0000000086900000, 0x0000000086a00000|  0%| F|  |TAMS 0x0000000086900000, 0x0000000086900000| Untracked 
|  42|0x0000000086a00000, 0x0000000086a00000, 0x0000000086b00000|  0%| F|  |TAMS 0x0000000086a00000, 0x0000000086a00000| Untracked 
|  43|0x0000000086b00000, 0x0000000086b00000, 0x0000000086c00000|  0%| F|  |TAMS 0x0000000086b00000, 0x0000000086b00000| Untracked 
|  44|0x0000000086c00000, 0x0000000086c00000, 0x0000000086d00000|  0%| F|  |TAMS 0x0000000086c00000, 0x0000000086c00000| Untracked 
|  45|0x0000000086d00000, 0x0000000086d00000, 0x0000000086e00000|  0%| F|  |TAMS 0x0000000086d00000, 0x0000000086d00000| Untracked 
|  46|0x0000000086e00000, 0x0000000086e00000, 0x0000000086f00000|  0%| F|  |TAMS 0x0000000086e00000, 0x0000000086e00000| Untracked 
|  47|0x0000000086f00000, 0x0000000086f00000, 0x0000000087000000|  0%| F|  |TAMS 0x0000000086f00000, 0x0000000086f00000| Untracked 
|  48|0x0000000087000000, 0x0000000087000000, 0x0000000087100000|  0%| F|  |TAMS 0x0000000087000000, 0x0000000087000000| Untracked 
|  49|0x0000000087100000, 0x0000000087100000, 0x0000000087200000|  0%| F|  |TAMS 0x0000000087100000, 0x0000000087100000| Untracked 
|  50|0x0000000087200000, 0x0000000087200000, 0x0000000087300000|  0%| F|  |TAMS 0x0000000087200000, 0x0000000087200000| Untracked 
|  51|0x0000000087300000, 0x0000000087300000, 0x0000000087400000|  0%| F|  |TAMS 0x0000000087300000, 0x0000000087300000| Untracked 
|  52|0x0000000087400000, 0x0000000087400000, 0x0000000087500000|  0%| F|  |TAMS 0x0000000087400000, 0x0000000087400000| Untracked 
|  53|0x0000000087500000, 0x0000000087500000, 0x0000000087600000|  0%| F|  |TAMS 0x0000000087500000, 0x0000000087500000| Untracked 
|  54|0x0000000087600000, 0x0000000087600000, 0x0000000087700000|  0%| F|  |TAMS 0x0000000087600000, 0x0000000087600000| Untracked 
|  55|0x0000000087700000, 0x0000000087700000, 0x0000000087800000|  0%| F|  |TAMS 0x0000000087700000, 0x0000000087700000| Untracked 
|  56|0x0000000087800000, 0x0000000087800000, 0x0000000087900000|  0%| F|  |TAMS 0x0000000087800000, 0x0000000087800000| Untracked 
|  57|0x0000000087900000, 0x0000000087900000, 0x0000000087a00000|  0%| F|  |TAMS 0x0000000087900000, 0x0000000087900000| Untracked 
|  58|0x0000000087a00000, 0x0000000087a00000, 0x0000000087b00000|  0%| F|  |TAMS 0x0000000087a00000, 0x0000000087a00000| Untracked 
|  59|0x0000000087b00000, 0x0000000087c00000, 0x0000000087c00000|100%| S|CS|TAMS 0x0000000087b00000, 0x0000000087b00000| Complete 
|  60|0x0000000087c00000, 0x0000000087d00000, 0x0000000087d00000|100%| S|CS|TAMS 0x0000000087c00000, 0x0000000087c00000| Complete 
|  61|0x0000000087d00000, 0x0000000087e00000, 0x0000000087e00000|100%| S|CS|TAMS 0x0000000087d00000, 0x0000000087d00000| Complete 
|  62|0x0000000087e00000, 0x0000000087f00000, 0x0000000087f00000|100%| S|CS|TAMS 0x0000000087e00000, 0x0000000087e00000| Complete 
|  63|0x0000000087f00000, 0x0000000088000000, 0x0000000088000000|100%| S|CS|TAMS 0x0000000087f00000, 0x0000000087f00000| Complete 
|  64|0x0000000088000000, 0x0000000088000000, 0x0000000088100000|  0%| F|  |TAMS 0x0000000088000000, 0x0000000088000000| Untracked 
|  65|0x0000000088100000, 0x0000000088100000, 0x0000000088200000|  0%| F|  |TAMS 0x0000000088100000, 0x0000000088100000| Untracked 
|  66|0x0000000088200000, 0x0000000088200000, 0x0000000088300000|  0%| F|  |TAMS 0x0000000088200000, 0x0000000088200000| Untracked 
|  67|0x0000000088300000, 0x0000000088300000, 0x0000000088400000|  0%| F|  |TAMS 0x0000000088300000, 0x0000000088300000| Untracked 
|  68|0x0000000088400000, 0x0000000088400000, 0x0000000088500000|  0%| F|  |TAMS 0x0000000088400000, 0x0000000088400000| Untracked 
|  69|0x0000000088500000, 0x0000000088500000, 0x0000000088600000|  0%| F|  |TAMS 0x0000000088500000, 0x0000000088500000| Untracked 
|  70|0x0000000088600000, 0x0000000088600000, 0x0000000088700000|  0%| F|  |TAMS 0x0000000088600000, 0x0000000088600000| Untracked 
|  71|0x0000000088700000, 0x0000000088700000, 0x0000000088800000|  0%| F|  |TAMS 0x0000000088700000, 0x0000000088700000| Untracked 
|  72|0x0000000088800000, 0x0000000088800000, 0x0000000088900000|  0%| F|  |TAMS 0x0000000088800000, 0x0000000088800000| Untracked 
|  73|0x0000000088900000, 0x0000000088900000, 0x0000000088a00000|  0%| F|  |TAMS 0x0000000088900000, 0x0000000088900000| Untracked 
|  74|0x0000000088a00000, 0x0000000088a00000, 0x0000000088b00000|  0%| F|  |TAMS 0x0000000088a00000, 0x0000000088a00000| Untracked 
|  75|0x0000000088b00000, 0x0000000088b00000, 0x0000000088c00000|  0%| F|  |TAMS 0x0000000088b00000, 0x0000000088b00000| Untracked 
|  76|0x0000000088c00000, 0x0000000088c00000, 0x0000000088d00000|  0%| F|  |TAMS 0x0000000088c00000, 0x0000000088c00000| Untracked 
|  77|0x0000000088d00000, 0x0000000088d00000, 0x0000000088e00000|  0%| F|  |TAMS 0x0000000088d00000, 0x0000000088d00000| Untracked 
|  78|0x0000000088e00000, 0x0000000088e00000, 0x0000000088f00000|  0%| F|  |TAMS 0x0000000088e00000, 0x0000000088e00000| Untracked 
|  79|0x0000000088f00000, 0x0000000088f00000, 0x0000000089000000|  0%| F|  |TAMS 0x0000000088f00000, 0x0000000088f00000| Untracked 
|  80|0x0000000089000000, 0x0000000089100000, 0x0000000089100000|100%| E|  |TAMS 0x0000000089000000, 0x0000000089000000| Complete 
|  81|0x0000000089100000, 0x0000000089200000, 0x0000000089200000|100%| E|CS|TAMS 0x0000000089100000, 0x0000000089100000| Complete 
|  82|0x0000000089200000, 0x0000000089300000, 0x0000000089300000|100%| E|CS|TAMS 0x0000000089200000, 0x0000000089200000| Complete 
|  83|0x0000000089300000, 0x0000000089400000, 0x0000000089400000|100%| E|CS|TAMS 0x0000000089300000, 0x0000000089300000| Complete 
|  84|0x0000000089400000, 0x0000000089500000, 0x0000000089500000|100%| E|CS|TAMS 0x0000000089400000, 0x0000000089400000| Complete 
|  85|0x0000000089500000, 0x0000000089600000, 0x0000000089600000|100%| E|CS|TAMS 0x0000000089500000, 0x0000000089500000| Complete 
|  86|0x0000000089600000, 0x0000000089700000, 0x0000000089700000|100%| E|CS|TAMS 0x0000000089600000, 0x0000000089600000| Complete 
|  87|0x0000000089700000, 0x0000000089800000, 0x0000000089800000|100%| E|CS|TAMS 0x0000000089700000, 0x0000000089700000| Complete 
|  88|0x0000000089800000, 0x0000000089900000, 0x0000000089900000|100%| E|CS|TAMS 0x0000000089800000, 0x0000000089800000| Complete 
|  89|0x0000000089900000, 0x0000000089a00000, 0x0000000089a00000|100%| E|CS|TAMS 0x0000000089900000, 0x0000000089900000| Complete 
|  90|0x0000000089a00000, 0x0000000089b00000, 0x0000000089b00000|100%| E|CS|TAMS 0x0000000089a00000, 0x0000000089a00000| Complete 
|  91|0x0000000089b00000, 0x0000000089c00000, 0x0000000089c00000|100%| E|CS|TAMS 0x0000000089b00000, 0x0000000089b00000| Complete 
|  92|0x0000000089c00000, 0x0000000089d00000, 0x0000000089d00000|100%| E|CS|TAMS 0x0000000089c00000, 0x0000000089c00000| Complete 
|  93|0x0000000089d00000, 0x0000000089e00000, 0x0000000089e00000|100%| E|CS|TAMS 0x0000000089d00000, 0x0000000089d00000| Complete 
|  94|0x0000000089e00000, 0x0000000089f00000, 0x0000000089f00000|100%| E|CS|TAMS 0x0000000089e00000, 0x0000000089e00000| Complete 
|  95|0x0000000089f00000, 0x000000008a000000, 0x000000008a000000|100%| E|CS|TAMS 0x0000000089f00000, 0x0000000089f00000| Complete 
|  96|0x000000008a000000, 0x000000008a100000, 0x000000008a100000|100%| E|CS|TAMS 0x000000008a000000, 0x000000008a000000| Complete 
|  97|0x000000008a100000, 0x000000008a200000, 0x000000008a200000|100%| E|CS|TAMS 0x000000008a100000, 0x000000008a100000| Complete 
|  98|0x000000008a200000, 0x000000008a300000, 0x000000008a300000|100%| E|CS|TAMS 0x000000008a200000, 0x000000008a200000| Complete 
|  99|0x000000008a300000, 0x000000008a400000, 0x000000008a400000|100%| E|CS|TAMS 0x000000008a300000, 0x000000008a300000| Complete 
| 100|0x000000008a400000, 0x000000008a500000, 0x000000008a500000|100%| E|CS|TAMS 0x000000008a400000, 0x000000008a400000| Complete 
| 101|0x000000008a500000, 0x000000008a600000, 0x000000008a600000|100%| E|CS|TAMS 0x000000008a500000, 0x000000008a500000| Complete 
| 102|0x000000008a600000, 0x000000008a700000, 0x000000008a700000|100%| E|CS|TAMS 0x000000008a600000, 0x000000008a600000| Complete 
| 123|0x000000008bb00000, 0x000000008bc00000, 0x000000008bc00000|100%| E|CS|TAMS 0x000000008bb00000, 0x000000008bb00000| Complete 

Card table byte_map: [0x000001e6dbb50000,0x000001e6dbf30000] _byte_map_base: 0x000001e6db730000

Marking Bits (Prev, Next): (CMBitMap*) 0x000001e6c92f5780, (CMBitMap*) 0x000001e6c92f57c0
 Prev Bits: [0x000001e6dc310000, 0x000001e6de210000)
 Next Bits: [0x000001e6de210000, 0x000001e6e0110000)

Polling page: 0x000001e6c7410000

Metaspace:

Usage:
  Non-class:     51.00 MB used.
      Class:      7.01 MB used.
       Both:     58.01 MB used.

Virtual space:
  Non-class space:       64.00 MB reserved,      51.12 MB ( 80%) committed,  1 nodes.
      Class space:        1.00 GB reserved,       7.12 MB ( <1%) committed,  1 nodes.
             Both:        1.06 GB reserved,      58.25 MB (  5%) committed. 

Chunk freelists:
   Non-Class:  12.88 MB
       Class:  8.86 MB
        Both:  21.73 MB

MaxMetaspaceSize: unlimited
CompressedClassSpaceSize: 1.00 GB
Initial GC threshold: 21.00 MB
Current GC threshold: 77.12 MB
CDS: off
MetaspaceReclaimPolicy: balanced
 - commit_granule_bytes: 65536.
 - commit_granule_words: 8192.
 - virtual_space_node_default_size: 8388608.
 - enlarge_chunks_in_place: 1.
 - new_chunks_are_fully_committed: 0.
 - uncommit_free_chunks: 1.
 - use_allocation_guard: 0.
 - handle_deallocations: 1.


Internal statistics:

num_allocs_failed_limit: 3.
num_arena_births: 216.
num_arena_deaths: 0.
num_vsnodes_births: 2.
num_vsnodes_deaths: 0.
num_space_committed: 930.
num_space_uncommitted: 0.
num_chunks_returned_to_freelist: 3.
num_chunks_taken_from_freelist: 1999.
num_chunk_merges: 3.
num_chunk_splits: 1667.
num_chunks_enlarged: 1512.
num_inconsistent_stats: 0.

CodeHeap 'non-profiled nmethods': size=120000Kb used=2529Kb max_used=2857Kb free=117470Kb
 bounds [0x000001e6d4240000, 0x000001e6d4510000, 0x000001e6db770000]
CodeHeap 'profiled nmethods': size=120000Kb used=12543Kb max_used=14356Kb free=107456Kb
 bounds [0x000001e6cc770000, 0x000001e6cd5a0000, 0x000001e6d3ca0000]
CodeHeap 'non-nmethods': size=5760Kb used=1306Kb max_used=1360Kb free=4453Kb
 bounds [0x000001e6d3ca0000, 0x000001e6d3f10000, 0x000001e6d4240000]
 total_blobs=5755 nmethods=5155 adapters=510
 compilation: enabled
              stopped_count=0, restarted_count=0
 full_count=0

Compilation events (20 events):
Event: 9.444 Thread 0x000001e6e27b9540 nmethod 6011 0x000001e6cc864910 code [0x000001e6cc864c80, 0x000001e6cc866028]
Event: 9.444 Thread 0x000001e6e27b9540 6013       3       org.jetbrains.kotlin.com.intellij.psi.stubs.StubList::addToJoinedChildren (57 bytes)
Event: 9.445 Thread 0x000001e6e27b9540 nmethod 6013 0x000001e6ccf28790 code [0x000001e6ccf289c0, 0x000001e6ccf29088]
Event: 9.445 Thread 0x000001e6e27b9540 6016       1       org.jetbrains.kotlin.com.intellij.psi.impl.compiled.StubBuildingVisitor$MethodInfo::access$1100 (5 bytes)
Event: 9.445 Thread 0x000001e6e27b9540 nmethod 6016 0x000001e6d4327710 code [0x000001e6d43278a0, 0x000001e6d4327958]
Event: 9.445 Thread 0x000001e6e27b9540 6012       1       org.jetbrains.kotlin.com.intellij.psi.impl.compiled.StubBuildingVisitor$MethodInfo::access$700 (5 bytes)
Event: 9.445 Thread 0x000001e6e27b9540 nmethod 6012 0x000001e6d4327310 code [0x000001e6d43274a0, 0x000001e6d4327558]
Event: 9.445 Thread 0x000001e6e27b9540 6014       1       org.jetbrains.kotlin.com.intellij.psi.impl.compiled.StubBuildingVisitor$MethodInfo::access$600 (5 bytes)
Event: 9.445 Thread 0x000001e6e27b9540 nmethod 6014 0x000001e6d439bf10 code [0x000001e6d439c0a0, 0x000001e6d439c158]
Event: 9.445 Thread 0x000001e6e27b9540 6015       1       org.jetbrains.kotlin.com.intellij.psi.impl.compiled.StubBuildingVisitor$MethodInfo::access$800 (5 bytes)
Event: 9.445 Thread 0x000001e6e27b9540 nmethod 6015 0x000001e6d439bc10 code [0x000001e6d439bda0, 0x000001e6d439be58]
Event: 9.445 Thread 0x000001e6e27b9540 6017       3       org.jetbrains.kotlin.com.intellij.psi.stubs.StubList$TempState::switchChildrenToJoinedList (107 bytes)
Event: 9.446 Thread 0x000001e6e27b9540 nmethod 6017 0x000001e6cc826710 code [0x000001e6cc826980, 0x000001e6cc827338]
Event: 9.446 Thread 0x000001e6e27b9540 6018       3       org.jetbrains.kotlin.it.unimi.dsi.fastutil.objects.Object2IntOpenHashMap::getInt (116 bytes)
Event: 9.446 Thread 0x000001e6e27b9540 nmethod 6018 0x000001e6cc87cb10 code [0x000001e6cc87cd40, 0x000001e6cc87d4c8]
Event: 9.446 Thread 0x000001e6e27b9540 6019       3       org.jetbrains.kotlin.com.intellij.psi.stubs.StubList::access$600 (5 bytes)
Event: 9.446 Thread 0x000001e6e27b9540 nmethod 6019 0x000001e6ccb06f10 code [0x000001e6ccb070a0, 0x000001e6ccb071f8]
Event: 9.447 Thread 0x000001e6e27b9540 6021       3       org.jetbrains.kotlin.com.intellij.util.containers.ConcurrentIntObjectHashMap::get (125 bytes)
Event: 9.447 Thread 0x000001e6e27b9540 nmethod 6021 0x000001e6ccafd290 code [0x000001e6ccafd4a0, 0x000001e6ccafdb78]
Event: 9.447 Thread 0x000001e6e27b9540 6023       3       org.jetbrains.org.objectweb.asm.ClassReader::readCode (5089 bytes)

GC Heap History (20 events):
Event: 4.452 GC heap before
{Heap before GC invocations=9 (full 0):
 garbage-first heap   total 50176K, used 34381K [0x0000000084000000, 0x0000000100000000)
  region size 1024K, 19 young (19456K), 2 survivors (2048K)
 Metaspace       used 38943K, committed 39168K, reserved 1114112K
  class space    used 4797K, committed 4928K, reserved 1048576K
}
Event: 4.458 GC heap after
{Heap after GC invocations=10 (full 0):
 garbage-first heap   total 50176K, used 19803K [0x0000000084000000, 0x0000000100000000)
  region size 1024K, 3 young (3072K), 3 survivors (3072K)
 Metaspace       used 38943K, committed 39168K, reserved 1114112K
  class space    used 4797K, committed 4928K, reserved 1048576K
}
Event: 4.482 GC heap before
{Heap before GC invocations=10 (full 0):
 garbage-first heap   total 50176K, used 19803K [0x0000000084000000, 0x0000000100000000)
  region size 1024K, 4 young (4096K), 3 survivors (3072K)
 Metaspace       used 39167K, committed 39360K, reserved 1114112K
  class space    used 4810K, committed 4928K, reserved 1048576K
}
Event: 4.488 GC heap after
{Heap after GC invocations=11 (full 0):
 garbage-first heap   total 50176K, used 19216K [0x0000000084000000, 0x0000000100000000)
  region size 1024K, 1 young (1024K), 1 survivors (1024K)
 Metaspace       used 39167K, committed 39360K, reserved 1114112K
  class space    used 4810K, committed 4928K, reserved 1048576K
}
Event: 5.062 GC heap before
{Heap before GC invocations=11 (full 0):
 garbage-first heap   total 50176K, used 36624K [0x0000000084000000, 0x0000000100000000)
  region size 1024K, 18 young (18432K), 1 survivors (1024K)
 Metaspace       used 43519K, committed 43776K, reserved 1114112K
  class space    used 5297K, committed 5440K, reserved 1048576K
}
Event: 5.067 GC heap after
{Heap after GC invocations=12 (full 0):
 garbage-first heap   total 50176K, used 20065K [0x0000000084000000, 0x0000000100000000)
  region size 1024K, 2 young (2048K), 2 survivors (2048K)
 Metaspace       used 43519K, committed 43776K, reserved 1114112K
  class space    used 5297K, committed 5440K, reserved 1048576K
}
Event: 5.596 GC heap before
{Heap before GC invocations=12 (full 0):
 garbage-first heap   total 50176K, used 39521K [0x0000000084000000, 0x0000000100000000)
  region size 1024K, 19 young (19456K), 2 survivors (2048K)
 Metaspace       used 46587K, committed 46784K, reserved 1114112K
  class space    used 5661K, committed 5760K, reserved 1048576K
}
Event: 5.606 GC heap after
{Heap after GC invocations=13 (full 0):
 garbage-first heap   total 50176K, used 25204K [0x0000000084000000, 0x0000000100000000)
  region size 1024K, 3 young (3072K), 3 survivors (3072K)
 Metaspace       used 46587K, committed 46784K, reserved 1114112K
  class space    used 5661K, committed 5760K, reserved 1048576K
}
Event: 5.756 GC heap before
{Heap before GC invocations=13 (full 0):
 garbage-first heap   total 50176K, used 31348K [0x0000000084000000, 0x0000000100000000)
  region size 1024K, 10 young (10240K), 3 survivors (3072K)
 Metaspace       used 47139K, committed 47360K, reserved 1114112K
  class space    used 5717K, committed 5824K, reserved 1048576K
}
Event: 5.764 GC heap after
{Heap after GC invocations=14 (full 0):
 garbage-first heap   total 50176K, used 26654K [0x0000000084000000, 0x0000000100000000)
  region size 1024K, 2 young (2048K), 2 survivors (2048K)
 Metaspace       used 47139K, committed 47360K, reserved 1114112K
  class space    used 5717K, committed 5824K, reserved 1048576K
}
Event: 5.847 GC heap before
{Heap before GC invocations=15 (full 0):
 garbage-first heap   total 53248K, used 36894K [0x0000000084000000, 0x0000000100000000)
  region size 1024K, 12 young (12288K), 2 survivors (2048K)
 Metaspace       used 47182K, committed 47360K, reserved 1114112K
  class space    used 5717K, committed 5824K, reserved 1048576K
}
Event: 5.854 GC heap after
{Heap after GC invocations=16 (full 0):
 garbage-first heap   total 53248K, used 29593K [0x0000000084000000, 0x0000000100000000)
  region size 1024K, 2 young (2048K), 2 survivors (2048K)
 Metaspace       used 47182K, committed 47360K, reserved 1114112K
  class space    used 5717K, committed 5824K, reserved 1048576K
}
Event: 5.909 GC heap before
{Heap before GC invocations=16 (full 0):
 garbage-first heap   total 53248K, used 38809K [0x0000000084000000, 0x0000000100000000)
  region size 1024K, 12 young (12288K), 2 survivors (2048K)
 Metaspace       used 47183K, committed 47360K, reserved 1114112K
  class space    used 5717K, committed 5824K, reserved 1048576K
}
Event: 5.913 GC heap after
{Heap after GC invocations=17 (full 0):
 garbage-first heap   total 106496K, used 29698K [0x0000000084000000, 0x0000000100000000)
  region size 1024K, 2 young (2048K), 2 survivors (2048K)
 Metaspace       used 47183K, committed 47360K, reserved 1114112K
  class space    used 5717K, committed 5824K, reserved 1048576K
}
Event: 7.620 GC heap before
{Heap before GC invocations=18 (full 0):
 garbage-first heap   total 106496K, used 73730K [0x0000000084000000, 0x0000000100000000)
  region size 1024K, 45 young (46080K), 2 survivors (2048K)
 Metaspace       used 52715K, committed 52928K, reserved 1114112K
  class space    used 6276K, committed 6400K, reserved 1048576K
}
Event: 7.637 GC heap after
{Heap after GC invocations=19 (full 0):
 garbage-first heap   total 106496K, used 34450K [0x0000000084000000, 0x0000000100000000)
  region size 1024K, 6 young (6144K), 6 survivors (6144K)
 Metaspace       used 52715K, committed 52928K, reserved 1114112K
  class space    used 6276K, committed 6400K, reserved 1048576K
}
Event: 7.678 GC heap before
{Heap before GC invocations=19 (full 0):
 garbage-first heap   total 106496K, used 35474K [0x0000000084000000, 0x0000000100000000)
  region size 1024K, 7 young (7168K), 6 survivors (6144K)
 Metaspace       used 52744K, committed 52992K, reserved 1114112K
  class space    used 6276K, committed 6400K, reserved 1048576K
}
Event: 7.690 GC heap after
{Heap after GC invocations=20 (full 0):
 garbage-first heap   total 106496K, used 34334K [0x0000000084000000, 0x0000000100000000)
  region size 1024K, 1 young (1024K), 1 survivors (1024K)
 Metaspace       used 52744K, committed 52992K, reserved 1114112K
  class space    used 6276K, committed 6400K, reserved 1048576K
}
Event: 8.544 GC heap before
{Heap before GC invocations=20 (full 0):
 garbage-first heap   total 106496K, used 74270K [0x0000000084000000, 0x0000000100000000)
  region size 1024K, 40 young (40960K), 1 survivors (1024K)
 Metaspace       used 53428K, committed 53632K, reserved 1114112K
  class space    used 6323K, committed 6400K, reserved 1048576K
}
Event: 8.558 GC heap after
{Heap after GC invocations=21 (full 0):
 garbage-first heap   total 106496K, used 39348K [0x0000000084000000, 0x0000000100000000)
  region size 1024K, 5 young (5120K), 5 survivors (5120K)
 Metaspace       used 53428K, committed 53632K, reserved 1114112K
  class space    used 6323K, committed 6400K, reserved 1048576K
}

Dll operation events (2 events):
Event: 0.021 Loaded shared library D:\ugm naila1\jbr\bin\java.dll
Event: 3.075 Loaded shared library D:\ugm naila1\jbr\bin\verify.dll

Deoptimization events (20 events):
Event: 9.378 Thread 0x000001e6c9299200 Uncommon trap: trap_request=0xffffffc6 fr.pc=0x000001e6d44f0684 relative=0x0000000000004aa4
Event: 9.378 Thread 0x000001e6c9299200 Uncommon trap: reason=bimorphic_or_optimized_type_check action=maybe_recompile pc=0x000001e6d44f0684 method=org.jetbrains.org.objectweb.asm.ClassReader.readElementValue(Lorg/jetbrains/org/objectweb/asm/AnnotationVisitor;ILjava/lang/String;[C)I @ 1208 c2
Event: 9.378 Thread 0x000001e6c9299200 DEOPT PACKING pc=0x000001e6d44f0684 sp=0x000000a5b8cf7d20
Event: 9.378 Thread 0x000001e6c9299200 DEOPT UNPACKING pc=0x000001e6d3cfa1a3 sp=0x000000a5b8cf7cd0 mode 2
Event: 9.379 Thread 0x000001e6c9299200 Uncommon trap: trap_request=0xffffffc6 fr.pc=0x000001e6d44f0684 relative=0x0000000000004aa4
Event: 9.379 Thread 0x000001e6c9299200 Uncommon trap: reason=bimorphic_or_optimized_type_check action=maybe_recompile pc=0x000001e6d44f0684 method=org.jetbrains.org.objectweb.asm.ClassReader.readElementValue(Lorg/jetbrains/org/objectweb/asm/AnnotationVisitor;ILjava/lang/String;[C)I @ 1208 c2
Event: 9.379 Thread 0x000001e6c9299200 DEOPT PACKING pc=0x000001e6d44f0684 sp=0x000000a5b8cf7d20
Event: 9.379 Thread 0x000001e6c9299200 DEOPT UNPACKING pc=0x000001e6d3cfa1a3 sp=0x000000a5b8cf7cd0 mode 2
Event: 9.379 Thread 0x000001e6c9299200 Uncommon trap: trap_request=0xffffffc6 fr.pc=0x000001e6d44f1150 relative=0x0000000000005570
Event: 9.379 Thread 0x000001e6c9299200 Uncommon trap: reason=bimorphic_or_optimized_type_check action=maybe_recompile pc=0x000001e6d44f1150 method=org.jetbrains.org.objectweb.asm.ClassReader.readElementValue(Lorg/jetbrains/org/objectweb/asm/AnnotationVisitor;ILjava/lang/String;[C)I @ 1022 c2
Event: 9.379 Thread 0x000001e6c9299200 DEOPT PACKING pc=0x000001e6d44f1150 sp=0x000000a5b8cf7d20
Event: 9.379 Thread 0x000001e6c9299200 DEOPT UNPACKING pc=0x000001e6d3cfa1a3 sp=0x000000a5b8cf7cd0 mode 2
Event: 9.379 Thread 0x000001e6c9299200 Uncommon trap: trap_request=0xffffffc6 fr.pc=0x000001e6d44f05dc relative=0x00000000000049fc
Event: 9.379 Thread 0x000001e6c9299200 Uncommon trap: reason=bimorphic_or_optimized_type_check action=maybe_recompile pc=0x000001e6d44f05dc method=org.jetbrains.org.objectweb.asm.ClassReader.readElementValue(Lorg/jetbrains/org/objectweb/asm/AnnotationVisitor;ILjava/lang/String;[C)I @ 398 c2
Event: 9.379 Thread 0x000001e6c9299200 DEOPT PACKING pc=0x000001e6d44f05dc sp=0x000000a5b8cf7d20
Event: 9.379 Thread 0x000001e6c9299200 DEOPT UNPACKING pc=0x000001e6d3cfa1a3 sp=0x000000a5b8cf7cd0 mode 2
Event: 9.379 Thread 0x000001e6c9299200 Uncommon trap: trap_request=0xffffffc6 fr.pc=0x000001e6d44f05dc relative=0x00000000000049fc
Event: 9.379 Thread 0x000001e6c9299200 Uncommon trap: reason=bimorphic_or_optimized_type_check action=maybe_recompile pc=0x000001e6d44f05dc method=org.jetbrains.org.objectweb.asm.ClassReader.readElementValue(Lorg/jetbrains/org/objectweb/asm/AnnotationVisitor;ILjava/lang/String;[C)I @ 398 c2
Event: 9.379 Thread 0x000001e6c9299200 DEOPT PACKING pc=0x000001e6d44f05dc sp=0x000000a5b8cf7d20
Event: 9.379 Thread 0x000001e6c9299200 DEOPT UNPACKING pc=0x000001e6d3cfa1a3 sp=0x000000a5b8cf7cd0 mode 2

Classes unloaded (0 events):
No events

Classes redefined (0 events):
No events

Internal exceptions (20 events):
Event: 3.228 Thread 0x000001e6c9299200 Exception <a 'java/lang/NoSuchMethodError'{0x000000008520c848}: 'java.lang.Object java.lang.invoke.Invokers$Holder.invokeExact_MT(java.lang.Object, java.lang.Object, java.lang.Object, java.lang.Object, java.lang.Object, java.lang.Object)'> (0x000000008520c848) 
thrown [s\src\hotspot\share\interpreter\linkResolver.cpp, line 771]
Event: 3.778 Thread 0x000001e6c9299200 Implicit null exception at 0x000001e6d42597f2 to 0x000001e6d4259e30
Event: 3.894 Thread 0x000001e6c9299200 Implicit null exception at 0x000001e6d425aa72 to 0x000001e6d425b0c8
Event: 3.949 Thread 0x000001e6c9299200 Exception <a 'java/lang/NoSuchMethodError'{0x000000008a0a8450}: 'java.lang.Object java.lang.invoke.DirectMethodHandle$Holder.invokeVirtual(java.lang.Object, java.lang.Object, java.lang.Object)'> (0x000000008a0a8450) 
thrown [s\src\hotspot\share\interpreter\linkResolver.cpp, line 771]
Event: 4.976 Thread 0x000001e6c9299200 Exception <a 'java/lang/NoSuchMethodError'{0x000000008600ac58}: 'java.lang.Object java.lang.invoke.DirectMethodHandle$Holder.newInvokeSpecial(java.lang.Object, java.lang.Object, int)'> (0x000000008600ac58) 
thrown [s\src\hotspot\share\interpreter\linkResolver.cpp, line 771]
Event: 5.028 Thread 0x000001e6c9299200 Exception <a 'java/lang/NoSuchMethodError'{0x0000000085f86750}: 'java.lang.Object java.lang.invoke.DirectMethodHandle$Holder.newInvokeSpecial(java.lang.Object, java.lang.Object, java.lang.Object, int)'> (0x0000000085f86750) 
thrown [s\src\hotspot\share\interpreter\linkResolver.cpp, line 771]
Event: 5.028 Thread 0x000001e6c9299200 Exception <a 'java/lang/NoSuchMethodError'{0x0000000085f8add8}: 'java.lang.Object java.lang.invoke.DirectMethodHandle$Holder.invokeSpecial(java.lang.Object, java.lang.Object, java.lang.Object, java.lang.Object, int)'> (0x0000000085f8add8) 
thrown [s\src\hotspot\share\interpreter\linkResolver.cpp, line 771]
Event: 5.029 Thread 0x000001e6c9299200 Exception <a 'java/lang/NoSuchMethodError'{0x0000000085f8ec48}: 'java.lang.Object java.lang.invoke.Invokers$Holder.linkToTargetMethod(java.lang.Object, java.lang.Object, int, java.lang.Object)'> (0x0000000085f8ec48) 
thrown [s\src\hotspot\share\interpreter\linkResolver.cpp, line 771]
Event: 6.202 Thread 0x000001e6c9299200 Exception <a 'java/lang/NoSuchMethodError'{0x0000000089d555f8}: 'java.lang.Object java.lang.invoke.DirectMethodHandle$Holder.newInvokeSpecial(java.lang.Object, int, java.lang.Object)'> (0x0000000089d555f8) 
thrown [s\src\hotspot\share\interpreter\linkResolver.cpp, line 771]
Event: 6.204 Thread 0x000001e6c9299200 Exception <a 'java/lang/NoSuchMethodError'{0x0000000089d5b988}: 'int java.lang.invoke.DirectMethodHandle$Holder.invokeInterface(java.lang.Object, java.lang.Object)'> (0x0000000089d5b988) 
thrown [s\src\hotspot\share\interpreter\linkResolver.cpp, line 771]
Event: 6.291 Thread 0x000001e6c9299200 Exception <a 'java/lang/NoSuchMethodError'{0x0000000089c935e0}: 'java.lang.Object java.lang.invoke.DirectMethodHandle$Holder.newInvokeSpecial(java.lang.Object, java.lang.Object, java.lang.Object, java.lang.Object, java.lang.Object, java.lang.Object)'> (0x0000000089c935e0) 
thrown [s\src\hotspot\share\interpreter\linkResolver.cpp, line 771]
Event: 6.740 Thread 0x000001e6c9299200 Exception <a 'java/lang/NoSuchMethodError'{0x0000000088a0b2d8}: 'java.lang.Object java.lang.invoke.DirectMethodHandle$Holder.invokeStaticInit(java.lang.Object, java.lang.Object, java.lang.Object)'> (0x0000000088a0b2d8) 
thrown [s\src\hotspot\share\interpreter\linkResolver.cpp, line 771]
Event: 8.070 Thread 0x000001e6c9299200 Implicit null exception at 0x000001e6d428936a to 0x000001e6d4289528
Event: 8.070 Thread 0x000001e6c9299200 Implicit null exception at 0x000001e6d42cee8f to 0x000001e6d42cef05
Event: 8.771 Thread 0x000001e6c9299200 Exception <a 'java/lang/NoSuchMethodError'{0x000000008a190268}: 'int java.lang.invoke.DirectMethodHandle$Holder.invokeStaticInit(java.lang.Object, int)'> (0x000000008a190268) 
thrown [s\src\hotspot\share\interpreter\linkResolver.cpp, line 771]
Event: 8.915 Thread 0x000001e6c9299200 Implicit null exception at 0x000001e6d4383a4c to 0x000001e6d4383b28
Event: 9.269 Thread 0x000001e6c9299200 Exception <a 'java/lang/NoSuchMethodError'{0x00000000894b1a80}: 'java.lang.Object java.lang.invoke.DirectMethodHandle$Holder.invokeStatic(java.lang.Object, java.lang.Object, java.lang.Object, java.lang.Object, int)'> (0x00000000894b1a80) 
thrown [s\src\hotspot\share\interpreter\linkResolver.cpp, line 771]
Event: 9.271 Thread 0x000001e6c9299200 Exception <a 'java/lang/NoSuchMethodError'{0x00000000894bb768}: 'java.lang.Object java.lang.invoke.DirectMethodHandle$Holder.newInvokeSpecial(java.lang.Object, java.lang.Object, java.lang.Object, java.lang.Object, int)'> (0x00000000894bb768) 
thrown [s\src\hotspot\share\interpreter\linkResolver.cpp, line 771]
Event: 9.272 Thread 0x000001e6c9299200 Exception <a 'java/lang/NoSuchMethodError'{0x00000000894c3838}: 'java.lang.Object java.lang.invoke.Invokers$Holder.linkToTargetMethod(java.lang.Object, java.lang.Object, java.lang.Object, int, java.lang.Object)'> (0x00000000894c3838) 
thrown [s\src\hotspot\share\interpreter\linkResolver.cpp, line 771]
Event: 9.327 Thread 0x000001e6c9299200 Exception <a 'java/lang/NoSuchMethodError'{0x00000000892675b0}: 'void java.lang.invoke.DirectMethodHandle$Holder.invokeInterface(java.lang.Object, java.lang.Object)'> (0x00000000892675b0) 
thrown [s\src\hotspot\share\interpreter\linkResolver.cpp, line 771]

VM Operations (20 events):
Event: 9.012 Executing VM operation: HandshakeAllThreads
Event: 9.012 Executing VM operation: HandshakeAllThreads done
Event: 9.099 Executing VM operation: HandshakeAllThreads
Event: 9.099 Executing VM operation: HandshakeAllThreads done
Event: 9.147 Executing VM operation: HandshakeAllThreads
Event: 9.147 Executing VM operation: HandshakeAllThreads done
Event: 9.217 Executing VM operation: HandshakeAllThreads
Event: 9.217 Executing VM operation: HandshakeAllThreads done
Event: 9.256 Executing VM operation: HandshakeAllThreads
Event: 9.256 Executing VM operation: HandshakeAllThreads done
Event: 9.259 Executing VM operation: HandshakeAllThreads
Event: 9.259 Executing VM operation: HandshakeAllThreads done
Event: 9.305 Executing VM operation: HandshakeAllThreads
Event: 9.305 Executing VM operation: HandshakeAllThreads done
Event: 9.307 Executing VM operation: HandshakeAllThreads
Event: 9.307 Executing VM operation: HandshakeAllThreads done
Event: 9.324 Executing VM operation: HandshakeAllThreads
Event: 9.324 Executing VM operation: HandshakeAllThreads done
Event: 9.394 Executing VM operation: HandshakeAllThreads
Event: 9.394 Executing VM operation: HandshakeAllThreads done

Events (20 events):
Event: 9.347 loading class java/util/stream/Node$OfPrimitive
Event: 9.347 loading class java/util/stream/Node$OfPrimitive done
Event: 9.347 loading class java/util/stream/Node$OfInt done
Event: 9.347 loading class java/util/stream/Nodes$EmptyNode$OfInt done
Event: 9.348 loading class java/util/stream/Nodes$EmptyNode$OfLong
Event: 9.348 loading class java/util/stream/Node$OfLong
Event: 9.356 loading class java/util/stream/Node$OfLong done
Event: 9.357 loading class java/util/stream/Nodes$EmptyNode$OfLong done
Event: 9.357 loading class java/util/stream/Nodes$EmptyNode$OfDouble
Event: 9.357 loading class java/util/stream/Node$OfDouble
Event: 9.357 loading class java/util/stream/Node$OfDouble done
Event: 9.357 loading class java/util/stream/Nodes$EmptyNode$OfDouble done
Event: 9.357 loading class java/util/stream/Nodes$SpinedNodeBuilder
Event: 9.358 loading class java/util/stream/Node$Builder
Event: 9.358 loading class java/util/stream/Node$Builder done
Event: 9.358 loading class java/util/stream/SpinedBuffer
Event: 9.359 loading class java/util/stream/AbstractSpinedBuffer
Event: 9.359 loading class java/util/stream/AbstractSpinedBuffer done
Event: 9.359 loading class java/util/stream/SpinedBuffer done
Event: 9.359 loading class java/util/stream/Nodes$SpinedNodeBuilder done


Dynamic libraries:
0x00007ff6131c0000 - 0x00007ff6131ca000 	D:\ugm naila1\jbr\bin\java.exe
0x00007ffc8dad0000 - 0x00007ffc8dce7000 	C:\WINDOWS\SYSTEM32\ntdll.dll
0x00007ffc8d090000 - 0x00007ffc8d154000 	C:\WINDOWS\System32\KERNEL32.DLL
0x00007ffc8b010000 - 0x00007ffc8b3c9000 	C:\WINDOWS\System32\KERNELBASE.dll
0x00007ffc8ae70000 - 0x00007ffc8af81000 	C:\WINDOWS\System32\ucrtbase.dll
0x00007ffc5a970000 - 0x00007ffc5a987000 	D:\ugm naila1\jbr\bin\jli.dll
0x00007ffc8d260000 - 0x00007ffc8d40e000 	C:\WINDOWS\System32\USER32.dll
0x00007ffc869f0000 - 0x00007ffc86a0b000 	D:\ugm naila1\jbr\bin\VCRUNTIME140.dll
0x00007ffc8b470000 - 0x00007ffc8b496000 	C:\WINDOWS\System32\win32u.dll
0x00007ffc8d060000 - 0x00007ffc8d089000 	C:\WINDOWS\System32\GDI32.dll
0x00007ffc8b610000 - 0x00007ffc8b72b000 	C:\WINDOWS\System32\gdi32full.dll
0x00007ffc780b0000 - 0x00007ffc78342000 	C:\WINDOWS\WinSxS\amd64_microsoft.windows.common-controls_6595b64144ccf1df_6.0.22621.4391_none_2715d37f73803e96\COMCTL32.dll
0x00007ffc8add0000 - 0x00007ffc8ae6a000 	C:\WINDOWS\System32\msvcp_win.dll
0x00007ffc8cdc0000 - 0x00007ffc8ce67000 	C:\WINDOWS\System32\msvcrt.dll
0x00007ffc8cfa0000 - 0x00007ffc8cfd1000 	C:\WINDOWS\System32\IMM32.DLL
0x00007ffc86ff0000 - 0x00007ffc86ffc000 	D:\ugm naila1\jbr\bin\vcruntime140_1.dll
0x00007ffc315c0000 - 0x00007ffc3164d000 	D:\ugm naila1\jbr\bin\msvcp140.dll
0x00007ffbd7b40000 - 0x00007ffbd87c3000 	D:\ugm naila1\jbr\bin\server\jvm.dll
0x00007ffc8c6b0000 - 0x00007ffc8c762000 	C:\WINDOWS\System32\ADVAPI32.dll
0x00007ffc8c300000 - 0x00007ffc8c3a7000 	C:\WINDOWS\System32\sechost.dll
0x00007ffc8b440000 - 0x00007ffc8b468000 	C:\WINDOWS\System32\bcrypt.dll
0x00007ffc8b800000 - 0x00007ffc8b914000 	C:\WINDOWS\System32\RPCRT4.dll
0x00007ffc8aca0000 - 0x00007ffc8aced000 	C:\WINDOWS\SYSTEM32\POWRPROF.dll
0x00007ffc67560000 - 0x00007ffc67569000 	C:\WINDOWS\SYSTEM32\WSOCK32.dll
0x00007ffc8cfe0000 - 0x00007ffc8d051000 	C:\WINDOWS\System32\WS2_32.dll
0x00007ffc86980000 - 0x00007ffc869b4000 	C:\WINDOWS\SYSTEM32\WINMM.dll
0x00007ffc84d00000 - 0x00007ffc84d0a000 	C:\WINDOWS\SYSTEM32\VERSION.dll
0x00007ffc8ac80000 - 0x00007ffc8ac93000 	C:\WINDOWS\SYSTEM32\UMPDC.dll
0x00007ffc89e10000 - 0x00007ffc89e28000 	C:\WINDOWS\SYSTEM32\kernel.appcore.dll
0x00007ffc86850000 - 0x00007ffc8685a000 	D:\ugm naila1\jbr\bin\jimage.dll
0x00007ffc88650000 - 0x00007ffc88882000 	C:\WINDOWS\SYSTEM32\DBGHELP.DLL
0x00007ffc8d480000 - 0x00007ffc8d80f000 	C:\WINDOWS\System32\combase.dll
0x00007ffc8cce0000 - 0x00007ffc8cdb7000 	C:\WINDOWS\System32\OLEAUT32.dll
0x00007ffc6fd90000 - 0x00007ffc6fdc2000 	C:\WINDOWS\SYSTEM32\dbgcore.DLL
0x00007ffc8af90000 - 0x00007ffc8b00b000 	C:\WINDOWS\System32\bcryptPrimitives.dll
0x00007ffc80040000 - 0x00007ffc80065000 	D:\ugm naila1\jbr\bin\java.dll
0x00007ffc77f50000 - 0x00007ffc77f68000 	D:\ugm naila1\jbr\bin\zip.dll
0x00007ffc8b920000 - 0x00007ffc8c196000 	C:\WINDOWS\System32\SHELL32.dll
0x00007ffc88d10000 - 0x00007ffc89613000 	C:\WINDOWS\SYSTEM32\windows.storage.dll
0x00007ffc88bd0000 - 0x00007ffc88d0f000 	C:\WINDOWS\SYSTEM32\wintypes.dll
0x00007ffc8d160000 - 0x00007ffc8d259000 	C:\WINDOWS\System32\SHCORE.dll
0x00007ffc8d410000 - 0x00007ffc8d46e000 	C:\WINDOWS\System32\shlwapi.dll
0x00007ffc8ad00000 - 0x00007ffc8ad2b000 	C:\WINDOWS\SYSTEM32\profapi.dll
0x00007ffc65ec0000 - 0x00007ffc65ed9000 	D:\ugm naila1\jbr\bin\net.dll
0x00007ffc845e0000 - 0x00007ffc84716000 	C:\WINDOWS\SYSTEM32\WINHTTP.dll
0x00007ffc8a290000 - 0x00007ffc8a2f9000 	C:\WINDOWS\system32\mswsock.dll
0x00007ffc5ecb0000 - 0x00007ffc5ecc6000 	D:\ugm naila1\jbr\bin\nio.dll
0x00007ffc75bb0000 - 0x00007ffc75bc0000 	D:\ugm naila1\jbr\bin\verify.dll

dbghelp: loaded successfully - version: 4.0.5 - missing functions: none
symbol engine: initialized successfully - sym options: 0x614 - pdb path: .;D:\ugm naila1\jbr\bin;C:\WINDOWS\SYSTEM32;C:\WINDOWS\WinSxS\amd64_microsoft.windows.common-controls_6595b64144ccf1df_6.0.22621.4391_none_2715d37f73803e96;D:\ugm naila1\jbr\bin\server

VM Arguments:
java_command: org.jetbrains.kotlin.cli.jvm.K2JVMCompiler @D:\ugm naila\SEMESTER 3\Mobile\Tugas_Notification\app\build\20241213_9382690033271952719.compiler.options
java_class_path (initial): C:\Users\Azmie Alyaa Khairani\.gradle\caches\modules-2\files-2.1\org.jetbrains.kotlin\kotlin-compiler-embeddable\1.9.0\2c8c3a7402becca891f12739b3e9fd2dc2adbd7a\kotlin-compiler-embeddable-1.9.0.jar;C:\Users\Azmie Alyaa Khairani\.gradle\caches\modules-2\files-2.1\org.jetbrains.kotlin\kotlin-stdlib\1.9.0\8ee15ef0c67dc83d874f412d84378d7f0eb50b63\kotlin-stdlib-1.9.0.jar;C:\Users\Azmie Alyaa Khairani\.gradle\caches\modules-2\files-2.1\org.jetbrains.kotlin\kotlin-script-runtime\1.9.0\4b3102cbbb7e1b58d9d1adf89563f00069ffa7d1\kotlin-script-runtime-1.9.0.jar;C:\Users\Azmie Alyaa Khairani\.gradle\caches\modules-2\files-2.1\org.jetbrains.kotlin\kotlin-reflect\1.6.10\1cbe9c92c12a94eea200d23c2bbaedaf3daf5132\kotlin-reflect-1.6.10.jar;C:\Users\Azmie Alyaa Khairani\.gradle\caches\modules-2\files-2.1\org.jetbrains.kotlin\kotlin-daemon-embeddable\1.9.0\186543f5e28cf8d9a0290fecc2cf34301c40a65c\kotlin-daemon-embeddable-1.9.0.jar;C:\Users\Azmie Alyaa Khairani\.gradle\caches\modules-2\files-2.1\org.jetbrains.intellij.deps\trove4j\1.0.20200330\3afb14d5f9ceb459d724e907a21145e8ff394f02\trove4j-1.0.20200330.jar;C:\Users\Azmie Alyaa Khairani\.gradle\caches\modules-2\files-2.1\org.jetbrains.kotlin\kotlin-stdlib-common\1.9.0\cd65c21cfd1eec4d44ef09f9f52b6d9f8a720636\kotlin-stdlib-common-1.9.0.jar;C:\Users\Azmie Alyaa Khairani\.gradle\caches\modules-2\files-2.1\org.jetbrains\annotations\13.0\919f0dfe192fb4e063e7dacadee7f8bb9a2672a9\annotations-13.0.jar
Launcher Type: SUN_STANDARD

[Global flags]
     intx CICompilerCount                          = 3                                         {product} {ergonomic}
     uint ConcGCThreads                            = 1                                         {product} {ergonomic}
     uint G1ConcRefinementThreads                  = 4                                         {product} {ergonomic}
   size_t G1HeapRegionSize                         = 1048576                                   {product} {ergonomic}
    uintx GCDrainStackTargetSize                   = 64                                        {product} {ergonomic}
   size_t InitialHeapSize                          = 130023424                                 {product} {ergonomic}
   size_t MarkStackSize                            = 4194304                                   {product} {ergonomic}
   size_t MaxHeapSize                              = 2080374784                                {product} {ergonomic}
   size_t MaxNewSize                               = 1247805440                                {product} {ergonomic}
   size_t MinHeapDeltaBytes                        = 1048576                                   {product} {ergonomic}
   size_t MinHeapSize                              = 8388608                                   {product} {ergonomic}
    uintx NonNMethodCodeHeapSize                   = 5832780                                {pd product} {ergonomic}
    uintx NonProfiledCodeHeapSize                  = 122912730                              {pd product} {ergonomic}
    uintx ProfiledCodeHeapSize                     = 122912730                              {pd product} {ergonomic}
    uintx ReservedCodeCacheSize                    = 251658240                              {pd product} {ergonomic}
     bool SegmentedCodeCache                       = true                                      {product} {ergonomic}
   size_t SoftMaxHeapSize                          = 2080374784                             {manageable} {ergonomic}
     bool UseCompressedClassPointers               = true                           {product lp64_product} {ergonomic}
     bool UseCompressedOops                        = true                           {product lp64_product} {ergonomic}
     bool UseG1GC                                  = true                                      {product} {ergonomic}
     bool UseLargePagesIndividualAllocation        = false                                  {pd product} {ergonomic}

Logging:
Log output configuration:
 #0: stdout all=warning uptime,level,tags
 #1: stderr all=off uptime,level,tags

Environment Variables:
PATH=C:\Program Files\Common Files\Oracle\Java\javapath;D:\oracle\dbhomeXE\bin;C:\Program Files (x86)\Common Files\Intel\Shared Libraries\redist\intel64\compiler;C:\WINDOWS\system32;C:\WINDOWS;C:\WINDOWS\System32\Wbem;C:\WINDOWS\System32\WindowsPowerShell\v1.0\;C:\WINDOWS\System32\OpenSSH\;C:\Program Files (x86)\Git\cmd;D:\xampp\php;C:\ProgramData\ComposerSetup\bin;C:\Users\Azmie Alyaa Khairani\AppData\Local\Microsoft\WindowsApps;;C:\Users\Azmie Alyaa Khairani\Documents\ugm naila\Microsoft VS Code\bin;C:\Users\Azmie Alyaa Khairani\AppData\Roaming\Composer\vendor\bin
USERNAME=Azmie Alyaa Khairani
OS=Windows_NT
PROCESSOR_IDENTIFIER=Intel64 Family 6 Model 126 Stepping 5, GenuineIntel
TMP=C:\Users\AZMIEA~1\AppData\Local\Temp
TEMP=C:\Users\AZMIEA~1\AppData\Local\Temp



Periodic native trim disabled

JNI global refs:
JNI global refs: 10, weak refs: 2

JNI global refs memory usage: 843, weak refs: 841

Process memory usage:
Resident Set Size: 275796K (3% of 8123192K total physical memory with 1120648K free physical memory)

OOME stack traces (most recent first):
Classloader memory used:
Loader jdk.internal.loader.ClassLoaders$AppClassLoader                                 : 6095K
Loader bootstrap                                                                       : 1327K
Loader jdk.internal.reflect.DelegatingClassLoader                                      : 8602B


---------------  S Y S T E M  ---------------

OS:
 Windows 11 , 64 bit Build 22621 (10.0.22621.4391)
OS uptime: 5 days 20:07 hours

CPU: total 4 (initial active 4) (2 cores per cpu, 2 threads per core) family 6 model 126 stepping 5 microcode 0xa8, cx8, cmov, fxsr, ht, mmx, 3dnowpref, sse, sse2, sse3, ssse3, sse4.1, sse4.2, popcnt, lzcnt, tsc, tscinvbit, avx, avx2, aes, erms, clmul, bmi1, bmi2, adx, avx512f, avx512dq, avx512cd, avx512bw, avx512vl, sha, fma, vzeroupper, avx512_vpopcntdq, avx512_vpclmulqdq, avx512_vaes, avx512_vnni, clflush, clflushopt, avx512_vbmi2, avx512_vbmi
Processor Information for all 4 processors :
  Max Mhz: 1190, Current Mhz: 1190, Mhz Limit: 1190

Memory: 4k page, system-wide physical 7932M (1097M free)
TotalPageFile size 20961M (AvailPageFile size 4M)
current process WorkingSet (physical memory assigned to process): 269M, peak: 269M
current process commit charge ("private bytes"): 304M, peak: 305M

vm_info: OpenJDK 64-Bit Server VM (17.0.11+0--11852314) for windows-amd64 JRE (17.0.11+0--11852314), built on May 16 2024 21:29:20 by "androidbuild" with MS VC++ 16.10 / 16.11 (VS2019)

END.
